

***********************************************************************
Fatal NI connect error 12500, connecting to:
 (DESCRIPTION=(ADDRESS=(PROTOCOL=TCP)(HOST=asdczd)(PORT=1521))(CONNECT_DATA=(SERVICE_NAME=esarks)(CID=(PROGRAM=C:\Oracle\Ora81\BIN\SQLPLUSW.EXE)(HOST=ASDCZD)(USER=Paul))))

  VERSION INFORMATION:
	TNS for 32-bit Windows: Version 8.1.6.0.0 - Production
	Windows NT TCP/IP NT Protocol Adapter for 32-bit Windows: Version 8.1.6.0.0 - Production
  Time: 18-JUN-2004 16:46:38
  Tracing not turned on.
  Tns error struct:
    nr err code: 0
    ns main err code: 12564
    TNS-12564: TNS:connection refused
    ns secondary err code: 0
    nt main err code: 0
    nt secondary err code: 0
    nt OS err code: 0


***********************************************************************
Fatal NI connect error 12500, connecting to:
 (DESCRIPTION=(ADDRESS=(PROTOCOL=TCP)(HOST=asdczd)(PORT=1521))(CONNECT_DATA=(SERVICE_NAME=esarks)(CID=(PROGRAM=C:\Oracle\Ora81\BIN\SQLPLUSW.EXE)(HOST=ASDCZD)(USER=Paul))))

  VERSION INFORMATION:
	TNS for 32-bit Windows: Version 8.1.6.0.0 - Production
	Windows NT TCP/IP NT Protocol Adapter for 32-bit Windows: Version 8.1.6.0.0 - Production
  Time: 18-JUN-2004 16:46:44
  Tracing not turned on.
  Tns error struct:
    nr err code: 0
    ns main err code: 12564
    TNS-12564: TNS:connection refused
    ns secondary err code: 0
    nt main err code: 0
    nt secondary err code: 0
    nt OS err code: 0
