Mon Mar 06 14:19:52 EST 2017: Start
0: Open log file.
42: DEBUG-com.esarks.jac.jac:getScript()!Log opened by jac!Debug=5!DebugClass=5
619: DEBUG-com.esarks.jac.jac:getScript()!$jac:context=jac
619: DEBUG-com.esarks.jac.jac:getScript()!$jac:path:classpath=C:\ArchitectsCompanion\jac2017\classes;C:\ArchitectsCompanion\jac2017\lib\jac\jac.jar;C:\ArchitectsCompanion\jac2017\lib\mic\mic.jar;C:\ArchitectsCompanion\jac2017\lib\jetty\org.mortbay.jetty.jar;C:\ArchitectsCompanion\jac2017\lib\jetty\org.mortbay.jmx.jar;C:\ArchitectsCompanion\jac2017\lib\jetty\javax.servlet.jar;C:\ArchitectsCompanion\jac2017\jdk1.8.0_112\lib\tools.jar;C:\ArchitectsCompanion\jac2017\lib\mysql-connector-java-5.1.18\mysql-connector-java-5.1.18-bin.jar;C:\ArchitectsCompanion\jac2017\lib\crimson\crimson.jar;C:\ArchitectsCompanion\jac2017\lib\jacob-1.17-M2\jacob.jar;C:\ArchitectsCompanion\jac2017\lib\jni4net-0.8.6.0-bin\lib\jni4net.j-0.8.6.0.jar
619: DEBUG-com.esarks.jac.jac:getScript()!$jac:path:home=C:\ArchitectsCompanion\jac2017
619: DEBUG-com.esarks.jac.jac:getScript()!$jac:path:work=C:\ArchitectsCompanion\jac2017\classes
619: DEBUG-com.esarks.jac.jac:getScript()!$jac:path:scripts=C:\ArchitectsCompanion\jac2017\app
619: DEBUG-com.esarks.jac.jac:getScript()!$jac:path:document=C:\Users\ptm
619: DEBUG-com.esarks.jac.jac:getScript()!$jac:fileSeparator=\
619: DEBUG-com.esarks.jac.jac:getScript()!$jac:verifyScripts=true
620: DEBUG-com.esarks.jac.jac:getScript()!$jac:compile=true
620: DEBUG-com.esarks.jac.jac:getScript()!$jac:dateTime=2017.03.06 02:19:53.232 PM EST
620: DEBUG-com.esarks.jac.jac:getScript()!Script=com.esarks.jac.jrun.Job
620: DEBUG-com.esarks.jac.jac:getScript()!Method=execute
621: DEBUG-com.esarks.jac.jac:getScript()!Argument=com.esarks.jac.jrun.Jrun
621: DEBUG-com.esarks.jac.jac:getScript()!Argument=execute
621: DEBUG-com.esarks.jac.jac:getScript()!Argument=C:\ArchitectsCompanion\jac2017\app\paul\HelloWorld.jrun
621: DEBUG-com.esarks.jac.jac:getScript()!Calling Script.execMethod with arguments...
485156: APP-com.esarks.jac.jrun.Jrun:execute(String)!Enter method!aXml="C:\ArchitectsCompanion\jac2017\app\paul\HelloWorld.jrun"
3379539: APP-com.esarks.jac.jrun.Jrun:execute(String)!Normal final exit method!Elapsed time = 2894383
