Tue Mar 07 23:23:37 EST 2017: Start
0: Open log file.
20: DEBUG-com.esarks.jac.jac:getScript()!Log opened by jac!Debug=5!DebugClass=5
352: DEBUG-com.esarks.jac.jac:getScript()!$jac:context=jac
352: DEBUG-com.esarks.jac.jac:getScript()!$jac:path:classpath=C:\ArchitectsCompanion\jac2017\classes;C:\ArchitectsCompanion\jac2017\lib\jac\jac.jar;C:\ArchitectsCompanion\jac2017\lib\mic\mic.jar;C:\ArchitectsCompanion\jac2017\lib\jetty\org.mortbay.jetty.jar;C:\ArchitectsCompanion\jac2017\lib\jetty\org.mortbay.jmx.jar;C:\ArchitectsCompanion\jac2017\lib\jetty\javax.servlet.jar;C:\ArchitectsCompanion\jac2017\jdk1.8.0_112\lib\tools.jar;C:\ArchitectsCompanion\jac2017\lib\mysql-connector-java-5.1.18\mysql-connector-java-5.1.18-bin.jar;C:\ArchitectsCompanion\jac2017\lib\crimson\crimson.jar;C:\ArchitectsCompanion\jac2017\lib\jacob-1.17-M2\jacob.jar;C:\ArchitectsCompanion\jac2017\lib\jni4net-0.8.6.0-bin\lib\jni4net.j-0.8.6.0.jar
386: DEBUG-com.esarks.jac.jac:getScript()!$jac:path:home=C:\ArchitectsCompanion\jac2017
386: DEBUG-com.esarks.jac.jac:getScript()!$jac:path:work=C:\ArchitectsCompanion\jac2017\classes
386: DEBUG-com.esarks.jac.jac:getScript()!$jac:path:scripts=C:\ArchitectsCompanion\jac2017\app
386: DEBUG-com.esarks.jac.jac:getScript()!$jac:path:document=C:\Users\ptm
386: DEBUG-com.esarks.jac.jac:getScript()!$jac:fileSeparator=\
386: DEBUG-com.esarks.jac.jac:getScript()!$jac:verifyScripts=true
386: DEBUG-com.esarks.jac.jac:getScript()!$jac:compile=true
386: DEBUG-com.esarks.jac.jac:getScript()!$jac:dateTime=2017.03.07 11:23:37.798 PM EST
387: DEBUG-com.esarks.jac.jac:getScript()!Script=com.esarks.jac.jrun.Job
387: DEBUG-com.esarks.jac.jac:getScript()!Method=execute
387: DEBUG-com.esarks.jac.jac:getScript()!Argument=com.esarks.jac.jrun.Jrun
387: DEBUG-com.esarks.jac.jac:getScript()!Argument=execute
387: DEBUG-com.esarks.jac.jac:getScript()!Argument=C:\ArchitectsCompanion\jac2017\app\jacLicense\makeLicense.jrun
387: DEBUG-com.esarks.jac.jac:getScript()!Calling Script.execMethod with arguments...
412: APP-com.esarks.jac.jrun.Jrun:execute(String)!Enter method!aXml="C:\ArchitectsCompanion\jac2017\app\jacLicense\makeLicense.jrun"
715: APP-com.esarks.jac.jrun.Jrun:execute(String)!Normal final exit method!Elapsed time = 303
