Thu Mar 02 20:52:59 EST 2017: Start
0: Open log file.
21: DEBUG-com.esarks.jac.jac:getScript()!Log opened by jac!Debug=5!DebugClass=5
330: DEBUG-com.esarks.jac.jac:getScript()!$jac:context=jac
330: DEBUG-com.esarks.jac.jac:getScript()!$jac:path:classpath=C:\ArchitectsCompanion\jac2017\classes;C:\ArchitectsCompanion\jac2017\lib\jac\jac.jar;C:\ArchitectsCompanion\jac2017\lib\mic\mic.jar;C:\ArchitectsCompanion\jac2017\lib\jetty\org.mortbay.jetty.jar;C:\ArchitectsCompanion\jac2017\lib\jetty\org.mortbay.jmx.jar;C:\ArchitectsCompanion\jac2017\lib\jetty\javax.servlet.jar;C:\ArchitectsCompanion\jac2017\jdk1.8.0_112\lib\tools.jar;C:\ArchitectsCompanion\jac2017\lib\mysql-connector-java-5.1.18\mysql-connector-java-5.1.18-bin.jar;C:\ArchitectsCompanion\jac2017\lib\crimson\crimson.jar;C:\ArchitectsCompanion\jac2017\lib\jacob-1.17-M2\jacob.jar;C:\ArchitectsCompanion\jac2017\lib\jni4net-0.8.6.0-bin\lib\jni4net.j-0.8.6.0.jar
364: DEBUG-com.esarks.jac.jac:getScript()!$jac:path:home=C:\ArchitectsCompanion\jac2017
364: DEBUG-com.esarks.jac.jac:getScript()!$jac:path:work=C:\ArchitectsCompanion\jac2017\classes
364: DEBUG-com.esarks.jac.jac:getScript()!$jac:path:scripts=C:\ArchitectsCompanion\jac2017\app
364: DEBUG-com.esarks.jac.jac:getScript()!$jac:path:document=C:\Users\ptm
364: DEBUG-com.esarks.jac.jac:getScript()!$jac:fileSeparator=\
364: DEBUG-com.esarks.jac.jac:getScript()!$jac:verifyScripts=true
365: DEBUG-com.esarks.jac.jac:getScript()!$jac:compile=true
365: DEBUG-com.esarks.jac.jac:getScript()!$jac:dateTime=2017.03.02 08:53:00.258 PM EST
365: DEBUG-com.esarks.jac.jac:getScript()!Script=com.esarks.jac.jrun.Job
365: DEBUG-com.esarks.jac.jac:getScript()!Method=execute
365: DEBUG-com.esarks.jac.jac:getScript()!Argument=com.esarks.jac.jrun.Jrun
365: DEBUG-com.esarks.jac.jac:getScript()!Argument=execute
365: DEBUG-com.esarks.jac.jac:getScript()!Argument=C:\ArchitectsCompanion\jac2017\app\paul\HelloWorld.jrun
365: DEBUG-com.esarks.jac.jac:getScript()!Calling Script.execMethod with arguments...
395: APP-com.esarks.jac.jrun.Jrun:execute(String)!Enter method!aXml="C:\ArchitectsCompanion\jac2017\app\paul\HelloWorld.jrun"
405: APP-com.esarks.jac.jrun.Jrun:execute(String)!Normal final exit method!Elapsed time = 10
