Fri Mar 03 19:41:04 EST 2017: Start
0: Open log file.
49: DEBUG-com.esarks.jac.jac:getScript()!Log opened by jac!Debug=5!DebugClass=5
605: DEBUG-com.esarks.jac.jac:getScript()!$jac:context=jac
605: DEBUG-com.esarks.jac.jac:getScript()!$jac:path:classpath=C:\ArchitectsCompanion\jac2017\classes;C:\ArchitectsCompanion\jac2017\lib\jac\jac.jar;C:\ArchitectsCompanion\jac2017\lib\mic\mic.jar;C:\ArchitectsCompanion\jac2017\lib\jetty\org.mortbay.jetty.jar;C:\ArchitectsCompanion\jac2017\lib\jetty\org.mortbay.jmx.jar;C:\ArchitectsCompanion\jac2017\lib\jetty\javax.servlet.jar;C:\ArchitectsCompanion\jac2017\jdk1.8.0_112\lib\tools.jar;C:\ArchitectsCompanion\jac2017\lib\mysql-connector-java-5.1.18\mysql-connector-java-5.1.18-bin.jar;C:\ArchitectsCompanion\jac2017\lib\crimson\crimson.jar;C:\ArchitectsCompanion\jac2017\lib\jacob-1.17-M2\jacob.jar;C:\ArchitectsCompanion\jac2017\lib\jni4net-0.8.6.0-bin\lib\jni4net.j-0.8.6.0.jar
606: DEBUG-com.esarks.jac.jac:getScript()!$jac:path:home=C:\ArchitectsCompanion\jac2017
606: DEBUG-com.esarks.jac.jac:getScript()!$jac:path:work=C:\ArchitectsCompanion\jac2017\classes
606: DEBUG-com.esarks.jac.jac:getScript()!$jac:path:scripts=C:\ArchitectsCompanion\jac2017\app
606: DEBUG-com.esarks.jac.jac:getScript()!$jac:path:document=C:\Users\ptm
606: DEBUG-com.esarks.jac.jac:getScript()!$jac:fileSeparator=\
606: DEBUG-com.esarks.jac.jac:getScript()!$jac:verifyScripts=true
606: DEBUG-com.esarks.jac.jac:getScript()!$jac:compile=true
607: DEBUG-com.esarks.jac.jac:getScript()!$jac:dateTime=2017.03.03 07:41:05.326 PM EST
607: DEBUG-com.esarks.jac.jac:getScript()!Script=com.esarks.jac.jrun.Job
607: DEBUG-com.esarks.jac.jac:getScript()!Method=execute
607: DEBUG-com.esarks.jac.jac:getScript()!Argument=com.esarks.jac.jrun.Jrun
607: DEBUG-com.esarks.jac.jac:getScript()!Argument=execute
607: DEBUG-com.esarks.jac.jac:getScript()!Argument=C:\ArchitectsCompanion\jac2017\app\paul\HelloWorld.jrun
607: DEBUG-com.esarks.jac.jac:getScript()!Calling Script.execMethod with arguments...
20601: APP-com.esarks.jac.jrun.Jrun:execute(String)!Enter method!aXml="C:\ArchitectsCompanion\jac2017\app\paul\HelloWorld.jrun"
21527: APP-com.esarks.jac.jrun.Jrun:execute(String)!Normal final exit method!Elapsed time = 926
