Fri Mar 03 14:45:52 EST 2017: Start
0: Open log file.
50: DEBUG-com.esarks.jac.jac:getScript()!Log opened by jac!Debug=5!DebugClass=5
1049: DEBUG-com.esarks.jac.jac:getScript()!$jac:context=jac
1049: DEBUG-com.esarks.jac.jac:getScript()!$jac:path:classpath=C:\ArchitectsCompanion\jac2017\classes;C:\ArchitectsCompanion\jac2017\lib\jac\jac.jar;C:\ArchitectsCompanion\jac2017\lib\mic\mic.jar;C:\ArchitectsCompanion\jac2017\lib\jetty\org.mortbay.jetty.jar;C:\ArchitectsCompanion\jac2017\lib\jetty\org.mortbay.jmx.jar;C:\ArchitectsCompanion\jac2017\lib\jetty\javax.servlet.jar;C:\ArchitectsCompanion\jac2017\jdk1.8.0_112\lib\tools.jar;C:\ArchitectsCompanion\jac2017\lib\mysql-connector-java-5.1.18\mysql-connector-java-5.1.18-bin.jar;C:\ArchitectsCompanion\jac2017\lib\crimson\crimson.jar;C:\ArchitectsCompanion\jac2017\lib\jacob-1.17-M2\jacob.jar;C:\ArchitectsCompanion\jac2017\lib\jni4net-0.8.6.0-bin\lib\jni4net.j-0.8.6.0.jar
1108: DEBUG-com.esarks.jac.jac:getScript()!$jac:path:home=C:\ArchitectsCompanion\jac2017
1108: DEBUG-com.esarks.jac.jac:getScript()!$jac:path:work=C:\ArchitectsCompanion\jac2017\classes
1108: DEBUG-com.esarks.jac.jac:getScript()!$jac:path:scripts=C:\ArchitectsCompanion\jac2017\app
1108: DEBUG-com.esarks.jac.jac:getScript()!$jac:path:document=C:\Users\ptm
1108: DEBUG-com.esarks.jac.jac:getScript()!$jac:fileSeparator=\
1109: DEBUG-com.esarks.jac.jac:getScript()!$jac:verifyScripts=true
1109: DEBUG-com.esarks.jac.jac:getScript()!$jac:compile=true
1109: DEBUG-com.esarks.jac.jac:getScript()!$jac:dateTime=2017.03.03 02:45:53.501 PM EST
1109: DEBUG-com.esarks.jac.jac:getScript()!Script=com.esarks.jac.jrun.Job
1110: DEBUG-com.esarks.jac.jac:getScript()!Method=execute
1110: DEBUG-com.esarks.jac.jac:getScript()!Argument=com.esarks.jac.jrun.Jrun
1110: DEBUG-com.esarks.jac.jac:getScript()!Argument=execute
1110: DEBUG-com.esarks.jac.jac:getScript()!Argument=C:\ArchitectsCompanion\jac2017\app\paul\HelloWorld.jrun
1110: DEBUG-com.esarks.jac.jac:getScript()!Calling Script.execMethod with arguments...
289839: APP-com.esarks.jac.jrun.Jrun:execute(String)!Enter method!aXml="C:\ArchitectsCompanion\jac2017\app\paul\HelloWorld.jrun"
3926192: APP-com.esarks.jac.jrun.Jrun:execute(String)!Normal final exit method!Elapsed time = 3636353
