Sat Feb 25 21:55:08 EST 2017: Start
0: Open log file.
15: DEBUG-com.esarks.jac.jac:getScript()!Log opened by jac!Debug=5!DebugClass=5
378: DEBUG-com.esarks.jac.jac:getScript()!$jac:context=jac
379: DEBUG-com.esarks.jac.jac:getScript()!$jac:path:classpath=C:\ArchitectsCompanion\jac2017\classes;C:\ArchitectsCompanion\jac2017\lib\jac\jac.jar;C:\ArchitectsCompanion\jac2017\lib\mic\mic.jar;C:\ArchitectsCompanion\jac2017\lib\jetty\org.mortbay.jetty.jar;C:\ArchitectsCompanion\jac2017\lib\jetty\org.mortbay.jmx.jar;C:\ArchitectsCompanion\jac2017\lib\jetty\javax.servlet.jar;C:\ArchitectsCompanion\jdk1.8.0_112\lib\tools.jar;C:\ArchitectsCompanion\jac2017\lib\mysql-connector-java-5.1.18\mysql-connector-java-5.1.18-bin.jar;C:\ArchitectsCompanion\jac2017\lib\crimson\crimson.jar;C:\ArchitectsCompanion\jac2017\lib\jacob-1.17-M2\jacob.jar;C:\ArchitectsCompanion\jac2017\lib\jni4net-0.8.6.0-bin\lib\jni4net.j-0.8.6.0.jar
379: DEBUG-com.esarks.jac.jac:getScript()!$jac:path:home=C:\ArchitectsCompanion\jac2017
379: DEBUG-com.esarks.jac.jac:getScript()!$jac:path:work=C:\ArchitectsCompanion\jac2017\classes
379: DEBUG-com.esarks.jac.jac:getScript()!$jac:path:scripts=C:\ArchitectsCompanion\jac2017\app
379: DEBUG-com.esarks.jac.jac:getScript()!$jac:path:document=C:\Users\Paul
379: DEBUG-com.esarks.jac.jac:getScript()!$jac:fileSeparator=\
379: DEBUG-com.esarks.jac.jac:getScript()!$jac:verifyScripts=true
379: DEBUG-com.esarks.jac.jac:getScript()!$jac:compile=true
379: DEBUG-com.esarks.jac.jac:getScript()!$jac:dateTime=2017.02.25 09:55:08.918 PM EST
379: DEBUG-com.esarks.jac.jac:getScript()!Script=com.esarks.jac.jrun.Job
380: DEBUG-com.esarks.jac.jac:getScript()!Method=execute
380: DEBUG-com.esarks.jac.jac:getScript()!Argument=com.esarks.jac.jrun.Jrun
380: DEBUG-com.esarks.jac.jac:getScript()!Argument=execute
380: DEBUG-com.esarks.jac.jac:getScript()!Argument=C:\ArchitectsCompanion\Jrun\bin\Associate me.jrun
380: DEBUG-com.esarks.jac.jac:getScript()!Calling Script.execMethod with arguments...
413: APP-com.esarks.jac.jrun.Jrun:execute(String)!Enter method!aXml="C:\ArchitectsCompanion\Jrun\bin\Associate me.jrun"
417: APP-com.esarks.jac.jrun.Jrun:execute(String)!Normal final exit method!Elapsed time = 4
