Thu Mar 02 12:30:42 EST 2017: Start
0: Open log file.
17: DEBUG-com.esarks.jac.jac:getScript()!Log opened by jac!Debug=5!DebugClass=5
400: DEBUG-com.esarks.jac.jac:getScript()!$jac:context=jac
400: DEBUG-com.esarks.jac.jac:getScript()!$jac:path:classpath=C:\ArchitectsCompanion\jac2017\classes;C:\ArchitectsCompanion\jac2017\lib\jac\jac.jar;C:\ArchitectsCompanion\jac2017\lib\mic\mic.jar;C:\ArchitectsCompanion\jac2017\lib\jetty\org.mortbay.jetty.jar;C:\ArchitectsCompanion\jac2017\lib\jetty\org.mortbay.jmx.jar;C:\ArchitectsCompanion\jac2017\lib\jetty\javax.servlet.jar;C:\ArchitectsCompanion\jdk1.8.0_112\lib\tools.jar;C:\ArchitectsCompanion\jac2017\lib\mysql-connector-java-5.1.18\mysql-connector-java-5.1.18-bin.jar;C:\ArchitectsCompanion\jac2017\lib\crimson\crimson.jar;C:\ArchitectsCompanion\jac2017\lib\jacob-1.17-M2\jacob.jar;C:\ArchitectsCompanion\jac2017\lib\jni4net-0.8.6.0-bin\lib\jni4net.j-0.8.6.0.jar
400: DEBUG-com.esarks.jac.jac:getScript()!$jac:path:home=C:\ArchitectsCompanion\jac2017
400: DEBUG-com.esarks.jac.jac:getScript()!$jac:path:work=C:\ArchitectsCompanion\jac2017\classes
400: DEBUG-com.esarks.jac.jac:getScript()!$jac:path:scripts=C:\ArchitectsCompanion\jac2017\app
400: DEBUG-com.esarks.jac.jac:getScript()!$jac:path:document=C:\Users\Paul
400: DEBUG-com.esarks.jac.jac:getScript()!$jac:fileSeparator=\
401: DEBUG-com.esarks.jac.jac:getScript()!$jac:verifyScripts=true
401: DEBUG-com.esarks.jac.jac:getScript()!$jac:compile=true
401: DEBUG-com.esarks.jac.jac:getScript()!$jac:dateTime=2017.03.02 12:30:42.476 PM EST
401: DEBUG-com.esarks.jac.jac:getScript()!Script=com.esarks.jac.jrun.Job
401: DEBUG-com.esarks.jac.jac:getScript()!Method=execute
401: DEBUG-com.esarks.jac.jac:getScript()!Argument=com.esarks.jac.jrun.Jrun
401: DEBUG-com.esarks.jac.jac:getScript()!Argument=execute
401: DEBUG-com.esarks.jac.jac:getScript()!Argument=C:\ArchitectsCompanion\jac2017\Jrun\bin\Associate me.jrun
401: DEBUG-com.esarks.jac.jac:getScript()!Calling Script.execMethod with arguments...
443: APP-com.esarks.jac.jrun.Jrun:execute(String)!Enter method!aXml="C:\ArchitectsCompanion\jac2017\Jrun\bin\Associate me.jrun"
887: APP-com.esarks.jac.jrun.Jrun:execute(String)!Normal final exit method!Elapsed time = 444
