Sun Mar 05 22:25:43 EST 2017: Start
0: Open log file.
46: DEBUG-com.esarks.jac.jac:getScript()!Log opened by jac!Debug=5!DebugClass=5
714: DEBUG-com.esarks.jac.jac:getScript()!$jac:context=jac
714: DEBUG-com.esarks.jac.jac:getScript()!$jac:path:classpath=C:\ArchitectsCompanion\jac2017\classes;C:\ArchitectsCompanion\jac2017\lib\jac\jac.jar;C:\ArchitectsCompanion\jac2017\lib\mic\mic.jar;C:\ArchitectsCompanion\jac2017\lib\jetty\org.mortbay.jetty.jar;C:\ArchitectsCompanion\jac2017\lib\jetty\org.mortbay.jmx.jar;C:\ArchitectsCompanion\jac2017\lib\jetty\javax.servlet.jar;C:\ArchitectsCompanion\jac2017\jdk1.8.0_112\lib\tools.jar;C:\ArchitectsCompanion\jac2017\lib\mysql-connector-java-5.1.18\mysql-connector-java-5.1.18-bin.jar;C:\ArchitectsCompanion\jac2017\lib\crimson\crimson.jar;C:\ArchitectsCompanion\jac2017\lib\jacob-1.17-M2\jacob.jar;C:\ArchitectsCompanion\jac2017\lib\jni4net-0.8.6.0-bin\lib\jni4net.j-0.8.6.0.jar
714: DEBUG-com.esarks.jac.jac:getScript()!$jac:path:home=C:\ArchitectsCompanion\jac2017
714: DEBUG-com.esarks.jac.jac:getScript()!$jac:path:work=C:\ArchitectsCompanion\jac2017\classes
714: DEBUG-com.esarks.jac.jac:getScript()!$jac:path:scripts=C:\ArchitectsCompanion\jac2017\app
714: DEBUG-com.esarks.jac.jac:getScript()!$jac:path:document=C:\Users\ptm
714: DEBUG-com.esarks.jac.jac:getScript()!$jac:fileSeparator=\
714: DEBUG-com.esarks.jac.jac:getScript()!$jac:verifyScripts=true
714: DEBUG-com.esarks.jac.jac:getScript()!$jac:compile=true
715: DEBUG-com.esarks.jac.jac:getScript()!$jac:dateTime=2017.03.05 10:25:44.024 PM EST
715: DEBUG-com.esarks.jac.jac:getScript()!Script=com.esarks.jac.jrun.Job
715: DEBUG-com.esarks.jac.jac:getScript()!Method=execute
715: DEBUG-com.esarks.jac.jac:getScript()!Argument=com.esarks.jac.jrun.Jrun
715: DEBUG-com.esarks.jac.jac:getScript()!Argument=execute
715: DEBUG-com.esarks.jac.jac:getScript()!Argument=C:\ArchitectsCompanion\jac2017\app\paul\HelloWorld.jrun
715: DEBUG-com.esarks.jac.jac:getScript()!Calling Script.execMethod with arguments...
84677: APP-com.esarks.jac.jrun.Jrun:execute(String)!Enter method!aXml="C:\ArchitectsCompanion\jac2017\app\paul\HelloWorld.jrun"
565721: APP-com.esarks.jac.jrun.Jrun:execute(String)!Normal final exit method!Elapsed time = 481044
