Sun Jul 09 14:51:04 EDT 2017: Start
0: Open log file.
24: DEBUG-com.esarks.jac.jac:getScript()!Log opened by jac!Debug=5!DebugClass=5
392: DEBUG-com.esarks.jac.jac:getScript()!$jac:context=jac
392: DEBUG-com.esarks.jac.jac:getScript()!$jac:path:classpath=C:\ArchitectsCompanion\jac2017\classes;C:\ArchitectsCompanion\jac2017\lib\jac\jac.jar;C:\ArchitectsCompanion\jac2017\lib\mic\mic.jar;C:\ArchitectsCompanion\jac2017\lib\jetty\org.mortbay.jetty.jar;C:\ArchitectsCompanion\jac2017\lib\jetty\org.mortbay.jmx.jar;C:\ArchitectsCompanion\jac2017\lib\jetty\javax.servlet.jar;C:\ArchitectsCompanion\jac2017\jdk1.8.0_112\lib\tools.jar;C:\ArchitectsCompanion\jac2017\lib\mysql-connector-java-5.1.18\mysql-connector-java-5.1.18-bin.jar;C:\ArchitectsCompanion\jac2017\lib\crimson\crimson.jar;C:\ArchitectsCompanion\jac2017\lib\jacob-1.17-M2\jacob.jar;C:\ArchitectsCompanion\jac2017\lib\jni4net-0.8.6.0-bin\lib\jni4net.j-0.8.6.0.jar
425: DEBUG-com.esarks.jac.jac:getScript()!$jac:path:home=C:\ArchitectsCompanion\jac2017
425: DEBUG-com.esarks.jac.jac:getScript()!$jac:path:work=C:\ArchitectsCompanion\jac2017\classes
425: DEBUG-com.esarks.jac.jac:getScript()!$jac:path:scripts=C:\ArchitectsCompanion\jac2017\app
425: DEBUG-com.esarks.jac.jac:getScript()!$jac:path:document=C:\Users\ptm
425: DEBUG-com.esarks.jac.jac:getScript()!$jac:fileSeparator=\
425: DEBUG-com.esarks.jac.jac:getScript()!$jac:verifyScripts=true
425: DEBUG-com.esarks.jac.jac:getScript()!$jac:compile=true
426: DEBUG-com.esarks.jac.jac:getScript()!$jac:dateTime=2017.07.09 02:51:04.960 PM EDT
426: DEBUG-com.esarks.jac.jac:getScript()!Script=com.esarks.jac.jrun.Job
426: DEBUG-com.esarks.jac.jac:getScript()!Method=execute
426: DEBUG-com.esarks.jac.jac:getScript()!Argument=com.esarks.jac.jrun.Jrun
426: DEBUG-com.esarks.jac.jac:getScript()!Argument=execute
426: DEBUG-com.esarks.jac.jac:getScript()!Argument=C:\ArchitectsCompanion\jac2017\app\scripts_migrate\Demo\ComplexSymbol\ComplexSymbol.jrun
426: DEBUG-com.esarks.jac.jac:getScript()!Calling Script.execMethod with arguments...
451: APP-com.esarks.jac.jrun.Jrun:execute(String)!Enter method!aXml="C:\ArchitectsCompanion\jac2017\app\scripts_migrate\Demo\ComplexSymbol\ComplexSymbol.jrun"
1450: APP-com.esarks.jac.jrun.Jrun:execute(String)!Normal final exit method!Elapsed time = 998
