Fri Jul 21 21:53:32 EDT 2017: Start
0: Open log file.
24: DEBUG-com.esarks.jac.jac:getScript()!Log opened by jac!Debug=5!DebugClass=5
368: DEBUG-com.esarks.jac.jac:getScript()!$jac:context=jac
368: DEBUG-com.esarks.jac.jac:getScript()!$jac:path:classpath=C:\ArchitectsCompanion\jac2017\classes;C:\ArchitectsCompanion\jac2017\lib\jac\jac.jar;C:\ArchitectsCompanion\jac2017\lib\mic\mic.jar;C:\ArchitectsCompanion\jac2017\lib\jetty\org.mortbay.jetty.jar;C:\ArchitectsCompanion\jac2017\lib\jetty\org.mortbay.jmx.jar;C:\ArchitectsCompanion\jac2017\lib\jetty\javax.servlet.jar;C:\ArchitectsCompanion\jac2017\jdk1.8.0_112\lib\tools.jar;C:\ArchitectsCompanion\jac2017\lib\mysql-connector-java-5.1.18\mysql-connector-java-5.1.18-bin.jar;C:\ArchitectsCompanion\jac2017\lib\crimson\crimson.jar;C:\ArchitectsCompanion\jac2017\lib\jacob-1.17-M2\jacob.jar;C:\ArchitectsCompanion\jac2017\lib\jni4net-0.8.6.0-bin\lib\jni4net.j-0.8.6.0.jar
401: DEBUG-com.esarks.jac.jac:getScript()!$jac:path:home=C:\ArchitectsCompanion\jac2017
401: DEBUG-com.esarks.jac.jac:getScript()!$jac:path:work=C:\ArchitectsCompanion\jac2017\classes
401: DEBUG-com.esarks.jac.jac:getScript()!$jac:path:scripts=C:\ArchitectsCompanion\jac2017\app
401: DEBUG-com.esarks.jac.jac:getScript()!$jac:path:document=C:\Users\ptm
401: DEBUG-com.esarks.jac.jac:getScript()!$jac:fileSeparator=\
401: DEBUG-com.esarks.jac.jac:getScript()!$jac:verifyScripts=true
401: DEBUG-com.esarks.jac.jac:getScript()!$jac:compile=true
402: DEBUG-com.esarks.jac.jac:getScript()!$jac:dateTime=2017.07.21 09:53:32.797 PM EDT
402: DEBUG-com.esarks.jac.jac:getScript()!Script=com.esarks.jac.jrun.Job
402: DEBUG-com.esarks.jac.jac:getScript()!Method=execute
402: DEBUG-com.esarks.jac.jac:getScript()!Argument=com.esarks.jac.jrun.Jrun
402: DEBUG-com.esarks.jac.jac:getScript()!Argument=execute
402: DEBUG-com.esarks.jac.jac:getScript()!Argument=C:\ArchitectsCompanion\jac2017\app\paul\callback\Callback.jrun
402: DEBUG-com.esarks.jac.jac:getScript()!Calling Script.execMethod with arguments...
427: APP-com.esarks.jac.jrun.Jrun:execute(String)!Enter method!aXml="C:\ArchitectsCompanion\jac2017\app\paul\callback\Callback.jrun"
435: APP-com.esarks.jac.jrun.Jrun:execute(String)!Normal final exit method!Elapsed time = 8
