Fri Oct 06 21:37:27 EDT 2017: Start
0: Open log file.
15: DEBUG-com.esarks.jac.jac:getScript()!Log opened by jac!Debug=5!DebugClass=5
413: DEBUG-com.esarks.jac.jac:getScript()!$jac:context=jac
413: DEBUG-com.esarks.jac.jac:getScript()!$jac:path:classpath=C:\ArchitectsCompanion\jac2017\classes;C:\ArchitectsCompanion\jac2017\lib\jac\jac.jar;C:\ArchitectsCompanion\jac2017\lib\mic\mic.jar;C:\ArchitectsCompanion\jac2017\lib\jetty\org.mortbay.jetty.jar;C:\ArchitectsCompanion\jac2017\lib\jetty\org.mortbay.jmx.jar;C:\ArchitectsCompanion\jac2017\lib\jetty\javax.servlet.jar;C:\ArchitectsCompanion\jac2017\jdk1.8.0_112\lib\tools.jar;C:\ArchitectsCompanion\jac2017\lib\mysql-connector-java-5.1.18\mysql-connector-java-5.1.18-bin.jar;C:\ArchitectsCompanion\jac2017\lib\crimson\crimson.jar;C:\ArchitectsCompanion\jac2017\lib\jacob-1.17-M2\jacob.jar;C:\ArchitectsCompanion\jac2017\lib\jni4net-0.8.6.0-bin\lib\jni4net.j-0.8.6.0.jar
459: DEBUG-com.esarks.jac.jac:getScript()!$jac:path:home=C:\ArchitectsCompanion\jac2017
459: DEBUG-com.esarks.jac.jac:getScript()!$jac:path:work=C:\ArchitectsCompanion\jac2017\classes
459: DEBUG-com.esarks.jac.jac:getScript()!$jac:path:scripts=C:\ArchitectsCompanion\jac2017\app
459: DEBUG-com.esarks.jac.jac:getScript()!$jac:path:document=C:\Users\ptm
459: DEBUG-com.esarks.jac.jac:getScript()!$jac:fileSeparator=\
459: DEBUG-com.esarks.jac.jac:getScript()!$jac:verifyScripts=true
459: DEBUG-com.esarks.jac.jac:getScript()!$jac:compile=true
459: DEBUG-com.esarks.jac.jac:getScript()!$jac:dateTime=2017.10.06 09:37:27.510 PM EDT
459: DEBUG-com.esarks.jac.jac:getScript()!Script=com.esarks.jac.jrun.Job
459: DEBUG-com.esarks.jac.jac:getScript()!Method=execute
459: DEBUG-com.esarks.jac.jac:getScript()!Argument=com.esarks.jac.jrun.Jrun
459: DEBUG-com.esarks.jac.jac:getScript()!Argument=execute
459: DEBUG-com.esarks.jac.jac:getScript()!Argument=C:\ArchitectsCompanion\jac2017\app\paul\HelloWorld.jrun
459: DEBUG-com.esarks.jac.jac:getScript()!Calling Script.execMethod with arguments...
490: APP-com.esarks.jac.jrun.Jrun:execute(String)!Enter method!aXml="C:\ArchitectsCompanion\jac2017\app\paul\HelloWorld.jrun"
490: APP-com.esarks.jac.jrun.Jrun:execute(String)!Normal final exit method!Elapsed time = 0
