Fri Oct 06 20:22:10 EDT 2017: Start
0: Open log file.
16: DEBUG-com.esarks.jac.jac:getScript()!Log opened by jac!Debug=5!DebugClass=5
401: DEBUG-com.esarks.jac.jac:getScript()!$jac:context=jac
401: DEBUG-com.esarks.jac.jac:getScript()!$jac:path:classpath=C:\ArchitectsCompanion\jac2017\classes;C:\ArchitectsCompanion\jac2017\lib\jac\jac.jar;C:\ArchitectsCompanion\jac2017\lib\mic\mic.jar;C:\ArchitectsCompanion\jac2017\lib\jetty\org.mortbay.jetty.jar;C:\ArchitectsCompanion\jac2017\lib\jetty\org.mortbay.jmx.jar;C:\ArchitectsCompanion\jac2017\lib\jetty\javax.servlet.jar;C:\ArchitectsCompanion\jac2017\jdk1.8.0_112\lib\tools.jar;C:\ArchitectsCompanion\jac2017\lib\mysql-connector-java-5.1.18\mysql-connector-java-5.1.18-bin.jar;C:\ArchitectsCompanion\jac2017\lib\crimson\crimson.jar;C:\ArchitectsCompanion\jac2017\lib\jacob-1.17-M2\jacob.jar;C:\ArchitectsCompanion\jac2017\lib\jni4net-0.8.6.0-bin\lib\jni4net.j-0.8.6.0.jar
432: DEBUG-com.esarks.jac.jac:getScript()!$jac:path:home=C:\ArchitectsCompanion\jac2017
432: DEBUG-com.esarks.jac.jac:getScript()!$jac:path:work=C:\ArchitectsCompanion\jac2017\classes
432: DEBUG-com.esarks.jac.jac:getScript()!$jac:path:scripts=C:\ArchitectsCompanion\jac2017\app
432: DEBUG-com.esarks.jac.jac:getScript()!$jac:path:document=C:\Users\ptm
432: DEBUG-com.esarks.jac.jac:getScript()!$jac:fileSeparator=\
432: DEBUG-com.esarks.jac.jac:getScript()!$jac:verifyScripts=true
432: DEBUG-com.esarks.jac.jac:getScript()!$jac:compile=true
432: DEBUG-com.esarks.jac.jac:getScript()!$jac:dateTime=2017.10.06 08:22:10.525 PM EDT
432: DEBUG-com.esarks.jac.jac:getScript()!Script=com.esarks.jac.jrun.Job
432: DEBUG-com.esarks.jac.jac:getScript()!Method=execute
432: DEBUG-com.esarks.jac.jac:getScript()!Argument=com.esarks.jac.jrun.Jrun
432: DEBUG-com.esarks.jac.jac:getScript()!Argument=execute
432: DEBUG-com.esarks.jac.jac:getScript()!Argument=C:\ArchitectsCompanion\jac2017\app\testDbConnection\TestDbConnection.jrun
432: DEBUG-com.esarks.jac.jac:getScript()!Calling Script.execMethod with arguments...
463: APP-com.esarks.jac.jrun.Jrun:execute(String)!Enter method!aXml="C:\ArchitectsCompanion\jac2017\app\testDbConnection\TestDbConnection.jrun"
479: APP-com.esarks.jac.jrun.TestDbConnection:execute()!Enter method
479: APP-com.esarks.jac.jrun.TestDbConnection:executeTest(com.esarks.arm.owl.JeoOwlEngine)!Enter method!aJeoOwlEngine=(null)
658: APP-com.esarks.jac.jrun.TestDbConnection:executeTest(com.esarks.arm.owl.JeoOwlEngine)!Error final exit method!Elapsed time = 179
658: ERR-com.esarks.jac.jrun.TestDbConnection:executeTest(com.esarks.arm.owl.JeoOwlEngine)!Error final exit method!null
658: APP-com.esarks.jac.jrun.TestDbConnection:execute()!Normal final exit method!Elapsed time = 179
658: APP-com.esarks.jac.jrun.Jrun:execute(String)!Normal final exit method!Elapsed time = 195
