Thu Jun 06 21:17:46 EDT 2019: Start
0: Open log file.
60: DEBUG-com.esarks.jac.jac:getScript()!Log opened by jac!Debug=5!DebugClass=5
885: DEBUG-com.esarks.jac.jac:getScript()!$jac:context=jac
885: DEBUG-com.esarks.jac.jac:getScript()!$jac:path:classpath=C:\ArchitectsCompanion\jac2017\classes;C:\ArchitectsCompanion\jac2017\lib\jac\jac.jar;C:\ArchitectsCompanion\jac2017\lib\mic\mic.jar;C:\ArchitectsCompanion\jac2017\lib\jetty\org.mortbay.jetty.jar;C:\ArchitectsCompanion\jac2017\lib\jetty\org.mortbay.jmx.jar;C:\ArchitectsCompanion\jac2017\lib\jetty\javax.servlet.jar;C:\ArchitectsCompanion\jac2017\jdk1.8.0_112\lib\tools.jar;C:\ArchitectsCompanion\jac2017\lib\mysql-connector-java-5.1.18\mysql-connector-java-5.1.18-bin.jar;C:\ArchitectsCompanion\jac2017\lib\crimson\crimson.jar;C:\ArchitectsCompanion\jac2017\lib\jacob-1.17-M2\jacob.jar;C:\ArchitectsCompanion\jac2017\lib\jni4net-0.8.6.0-bin\lib\jni4net.j-0.8.6.0.jar
894: DEBUG-com.esarks.jac.jac:getScript()!$jac:path:home=C:\ArchitectsCompanion\jac2017
894: DEBUG-com.esarks.jac.jac:getScript()!$jac:path:work=C:\ArchitectsCompanion\jac2017\classes
895: DEBUG-com.esarks.jac.jac:getScript()!$jac:path:scripts=C:\ArchitectsCompanion\jac2017\app
895: DEBUG-com.esarks.jac.jac:getScript()!$jac:path:document=C:\Users\ptm
895: DEBUG-com.esarks.jac.jac:getScript()!$jac:fileSeparator=\
895: DEBUG-com.esarks.jac.jac:getScript()!$jac:verifyScripts=true
895: DEBUG-com.esarks.jac.jac:getScript()!$jac:compile=true
895: DEBUG-com.esarks.jac.jac:getScript()!$jac:dateTime=2019.06.06 09:17:47.279 PM EDT
895: DEBUG-com.esarks.jac.jac:getScript()!Script=com.esarks.jac.jrun.Job
895: DEBUG-com.esarks.jac.jac:getScript()!Method=execute
895: DEBUG-com.esarks.jac.jac:getScript()!Argument=com.esarks.jac.jrun.Jrun
896: DEBUG-com.esarks.jac.jac:getScript()!Argument=execute
896: DEBUG-com.esarks.jac.jac:getScript()!Argument=C:\ArchitectsCompanion\jac2017\app\ParseXML\Parse.jrun
896: DEBUG-com.esarks.jac.jac:getScript()!Calling Script.execMethod with arguments...
940: APP-com.esarks.jac.jrun.Jrun:execute(String)!Enter method!aXml="C:\ArchitectsCompanion\jac2017\app\ParseXML\Parse.jrun"
3143: APP-com.esarks.jac.jrun.Jrun:execute(String)!Normal final exit method!Elapsed time = 2203
