Fri Jun 07 20:24:39 EDT 2019: Start
0: Open log file.
75: DEBUG-com.esarks.jac.jac:getScript()!Log opened by jac!Debug=5!DebugClass=5
1729: DEBUG-com.esarks.jac.jac:getScript()!$jac:context=jac
1729: DEBUG-com.esarks.jac.jac:getScript()!$jac:path:classpath=C:\ArchitectsCompanion\jac2017\classes;C:\ArchitectsCompanion\jac2017\lib\jac\jac.jar;C:\ArchitectsCompanion\jac2017\lib\mic\mic.jar;C:\ArchitectsCompanion\jac2017\lib\jetty\org.mortbay.jetty.jar;C:\ArchitectsCompanion\jac2017\lib\jetty\org.mortbay.jmx.jar;C:\ArchitectsCompanion\jac2017\lib\jetty\javax.servlet.jar;C:\ArchitectsCompanion\jac2017\jdk1.8.0_112\lib\tools.jar;C:\ArchitectsCompanion\jac2017\lib\mysql-connector-java-5.1.18\mysql-connector-java-5.1.18-bin.jar;C:\ArchitectsCompanion\jac2017\lib\crimson\crimson.jar;C:\ArchitectsCompanion\jac2017\lib\jacob-1.17-M2\jacob.jar;C:\ArchitectsCompanion\jac2017\lib\jni4net-0.8.6.0-bin\lib\jni4net.j-0.8.6.0.jar
1730: DEBUG-com.esarks.jac.jac:getScript()!$jac:path:home=C:\ArchitectsCompanion\jac2017
1730: DEBUG-com.esarks.jac.jac:getScript()!$jac:path:work=C:\ArchitectsCompanion\jac2017\classes
1730: DEBUG-com.esarks.jac.jac:getScript()!$jac:path:scripts=C:\ArchitectsCompanion\jac2017\app
1730: DEBUG-com.esarks.jac.jac:getScript()!$jac:path:document=C:\Users\ptm
1730: DEBUG-com.esarks.jac.jac:getScript()!$jac:fileSeparator=\
1730: DEBUG-com.esarks.jac.jac:getScript()!$jac:verifyScripts=true
1730: DEBUG-com.esarks.jac.jac:getScript()!$jac:compile=true
1731: DEBUG-com.esarks.jac.jac:getScript()!$jac:dateTime=2019.06.07 08:24:41.483 PM EDT
1732: DEBUG-com.esarks.jac.jac:getScript()!Script=com.esarks.jac.jrun.Job
1732: DEBUG-com.esarks.jac.jac:getScript()!Method=execute
1732: DEBUG-com.esarks.jac.jac:getScript()!Argument=com.esarks.jac.jrun.Jrun
1732: DEBUG-com.esarks.jac.jac:getScript()!Argument=execute
1732: DEBUG-com.esarks.jac.jac:getScript()!Argument=C:\ArchitectsCompanion\jac2017\app\ParseXML\ParseItems.jrun
1732: DEBUG-com.esarks.jac.jac:getScript()!Calling Script.execMethod with arguments...
1848: APP-com.esarks.jac.jrun.Jrun:execute(String)!Enter method!aXml="C:\ArchitectsCompanion\jac2017\app\ParseXML\ParseItems.jrun"
3636: APP-com.esarks.jac.jrun.Jrun:execute(String)!Normal final exit method!Elapsed time = 1788
