Wed Jun 05 20:20:59 EDT 2019: Start
0: Open log file.
320: DEBUG-com.esarks.jac.jac:getScript()!Log opened by jac!Debug=5!DebugClass=5
4767: DEBUG-com.esarks.jac.jac:getScript()!$jac:context=jac
4768: DEBUG-com.esarks.jac.jac:getScript()!$jac:path:classpath=C:\ArchitectsCompanion\jac2017\classes;C:\ArchitectsCompanion\jac2017\lib\jac\jac.jar;C:\ArchitectsCompanion\jac2017\lib\mic\mic.jar;C:\ArchitectsCompanion\jac2017\lib\jetty\org.mortbay.jetty.jar;C:\ArchitectsCompanion\jac2017\lib\jetty\org.mortbay.jmx.jar;C:\ArchitectsCompanion\jac2017\lib\jetty\javax.servlet.jar;C:\ArchitectsCompanion\jac2017\jdk1.8.0_112\lib\tools.jar;C:\ArchitectsCompanion\jac2017\lib\mysql-connector-java-5.1.18\mysql-connector-java-5.1.18-bin.jar;C:\ArchitectsCompanion\jac2017\lib\crimson\crimson.jar;C:\ArchitectsCompanion\jac2017\lib\jacob-1.17-M2\jacob.jar;C:\ArchitectsCompanion\jac2017\lib\jni4net-0.8.6.0-bin\lib\jni4net.j-0.8.6.0.jar
4770: DEBUG-com.esarks.jac.jac:getScript()!$jac:path:home=C:\ArchitectsCompanion\jac2017
4771: DEBUG-com.esarks.jac.jac:getScript()!$jac:path:work=C:\ArchitectsCompanion\jac2017\classes
4771: DEBUG-com.esarks.jac.jac:getScript()!$jac:path:scripts=C:\ArchitectsCompanion\jac2017\app
4772: DEBUG-com.esarks.jac.jac:getScript()!$jac:path:document=C:\Users\ptm
4772: DEBUG-com.esarks.jac.jac:getScript()!$jac:fileSeparator=\
4773: DEBUG-com.esarks.jac.jac:getScript()!$jac:verifyScripts=true
4773: DEBUG-com.esarks.jac.jac:getScript()!$jac:compile=true
4778: DEBUG-com.esarks.jac.jac:getScript()!$jac:dateTime=2019.06.05 08:21:04.436 PM EDT
4779: DEBUG-com.esarks.jac.jac:getScript()!Script=com.esarks.jac.jrun.Job
4779: DEBUG-com.esarks.jac.jac:getScript()!Method=execute
4779: DEBUG-com.esarks.jac.jac:getScript()!Argument=com.esarks.jac.jrun.Jrun
4780: DEBUG-com.esarks.jac.jac:getScript()!Argument=execute
4780: DEBUG-com.esarks.jac.jac:getScript()!Argument=C:\ArchitectsCompanion\jac2017\app\ParseXML\Parse.jrun
4780: DEBUG-com.esarks.jac.jac:getScript()!Calling Script.execMethod with arguments...
5227: APP-com.esarks.jac.jrun.Jrun:execute(String)!Enter method!aXml="C:\ArchitectsCompanion\jac2017\app\ParseXML\Parse.jrun"
18523: APP-com.esarks.jac.jrun.Jrun:execute(String)!Normal final exit method!Elapsed time = 13296
