Sun Jun 16 04:32:26 EDT 2019: Start
0: Open log file.
33: DEBUG-com.esarks.jac.jac:getScript()!Log opened by jac!Debug=9!DebugClass=9
591: DEBUG-com.esarks.jac.jac:getScript()!$jac:context=jac
591: DEBUG-com.esarks.jac.jac:getScript()!$jac:path:classpath=C:\ArchitectsCompanion\jac2017\classes;C:\ArchitectsCompanion\jac2017\lib\jac\jac.jar;C:\ArchitectsCompanion\jac2017\lib\mic\mic.jar;C:\ArchitectsCompanion\jac2017\lib\jetty\org.mortbay.jetty.jar;C:\ArchitectsCompanion\jac2017\lib\jetty\org.mortbay.jmx.jar;C:\ArchitectsCompanion\jac2017\lib\jetty\javax.servlet.jar;C:\ArchitectsCompanion\jac2017\jdk1.8.0_112\lib\tools.jar;C:\ArchitectsCompanion\jac2017\lib\mysql-connector-java-5.1.18\mysql-connector-java-5.1.18-bin.jar;C:\ArchitectsCompanion\jac2017\lib\crimson\crimson.jar;C:\ArchitectsCompanion\jac2017\lib\jacob-1.17-M2\jacob.jar;C:\ArchitectsCompanion\jac2017\lib\jni4net-0.8.6.0-bin\lib\jni4net.j-0.8.6.0.jar;C:\ArchitectsCompanion\jac2017\lib\java-json.jar\java-json.jar
601: DEBUG-com.esarks.jac.jac:getScript()!$jac:path:home=C:\ArchitectsCompanion\jac2017
601: DEBUG-com.esarks.jac.jac:getScript()!$jac:path:work=C:\ArchitectsCompanion\jac2017\classes
601: DEBUG-com.esarks.jac.jac:getScript()!$jac:path:scripts=C:\ArchitectsCompanion\jac2017\app
601: DEBUG-com.esarks.jac.jac:getScript()!$jac:path:document=C:\Users\ptm
601: DEBUG-com.esarks.jac.jac:getScript()!$jac:fileSeparator=\
601: DEBUG-com.esarks.jac.jac:getScript()!$jac:verifyScripts=true
601: DEBUG-com.esarks.jac.jac:getScript()!$jac:compile=true
602: DEBUG-com.esarks.jac.jac:getScript()!$jac:dateTime=2019.06.16 04:32:27.458 AM EDT
602: DEBUG-com.esarks.jac.jac:getScript()!Script=com.esarks.jac.jrun.Job
602: DEBUG-com.esarks.jac.jac:getScript()!Method=execute
602: DEBUG-com.esarks.jac.jac:getScript()!Argument=com.esarks.jac.jrun.Jrun
602: DEBUG-com.esarks.jac.jac:getScript()!Argument=execute
602: DEBUG-com.esarks.jac.jac:getScript()!Argument=C:\ArchitectsCompanion\jac2017\app\paul\basics\HelloWorld.jrun
602: DEBUG-com.esarks.jac.jac:getScript()!Calling Script.execMethod with arguments...
663: APP-com.esarks.jac.jrun.Jrun:execute(String)!Enter method!aXml="C:\ArchitectsCompanion\jac2017\app\paul\basics\HelloWorld.jrun"
723: APP-com.esarks.jac.jrun.Jrun:execute(String)!Normal final exit method!Elapsed time = 60
