Sun Jun 09 16:28:45 EDT 2019: Start
0: Open log file.
90: DEBUG-com.esarks.jac.jac:getScript()!Log opened by jac!Debug=5!DebugClass=5
3729: DEBUG-com.esarks.jac.jac:getScript()!$jac:context=jac
3729: DEBUG-com.esarks.jac.jac:getScript()!$jac:path:classpath=C:\ArchitectsCompanion\jac2017\classes;C:\ArchitectsCompanion\jac2017\lib\jac\jac.jar;C:\ArchitectsCompanion\jac2017\lib\mic\mic.jar;C:\ArchitectsCompanion\jac2017\lib\jetty\org.mortbay.jetty.jar;C:\ArchitectsCompanion\jac2017\lib\jetty\org.mortbay.jmx.jar;C:\ArchitectsCompanion\jac2017\lib\jetty\javax.servlet.jar;C:\ArchitectsCompanion\jac2017\jdk1.8.0_112\lib\tools.jar;C:\ArchitectsCompanion\jac2017\lib\mysql-connector-java-5.1.18\mysql-connector-java-5.1.18-bin.jar;C:\ArchitectsCompanion\jac2017\lib\crimson\crimson.jar;C:\ArchitectsCompanion\jac2017\lib\jacob-1.17-M2\jacob.jar;C:\ArchitectsCompanion\jac2017\lib\jni4net-0.8.6.0-bin\lib\jni4net.j-0.8.6.0.jar
3729: DEBUG-com.esarks.jac.jac:getScript()!$jac:path:home=C:\ArchitectsCompanion\jac2017
3729: DEBUG-com.esarks.jac.jac:getScript()!$jac:path:work=C:\ArchitectsCompanion\jac2017\classes
3729: DEBUG-com.esarks.jac.jac:getScript()!$jac:path:scripts=C:\ArchitectsCompanion\jac2017\app
3729: DEBUG-com.esarks.jac.jac:getScript()!$jac:path:document=C:\Users\ptm
3729: DEBUG-com.esarks.jac.jac:getScript()!$jac:fileSeparator=\
3729: DEBUG-com.esarks.jac.jac:getScript()!$jac:verifyScripts=true
3729: DEBUG-com.esarks.jac.jac:getScript()!$jac:compile=true
3730: DEBUG-com.esarks.jac.jac:getScript()!$jac:dateTime=2019.06.09 04:28:49.086 PM EDT
3730: DEBUG-com.esarks.jac.jac:getScript()!Script=com.esarks.jac.jrun.Job
3730: DEBUG-com.esarks.jac.jac:getScript()!Method=execute
3730: DEBUG-com.esarks.jac.jac:getScript()!Argument=com.esarks.jac.jrun.Jrun
3730: DEBUG-com.esarks.jac.jac:getScript()!Argument=execute
3730: DEBUG-com.esarks.jac.jac:getScript()!Argument=C:\ArchitectsCompanion\jac2017\app\ParseXML\ParseSprints.jrun
3730: DEBUG-com.esarks.jac.jac:getScript()!Calling Script.execMethod with arguments...
3783: APP-com.esarks.jac.jrun.Jrun:execute(String)!Enter method!aXml="C:\ArchitectsCompanion\jac2017\app\ParseXML\ParseSprints.jrun"
17909: APP-com.esarks.jac.jrun.Jrun:execute(String)!Normal final exit method!Elapsed time = 14126
