Tue Jun 18 20:31:10 EDT 2019: Start
0: Open log file.
95: DEBUG-com.esarks.jac.jac:getScript()!Log opened by jac!Debug=9!DebugClass=9
2196: DEBUG-com.esarks.jac.jac:getScript()!$jac:context=jac
2197: DEBUG-com.esarks.jac.jac:getScript()!$jac:path:classpath=C:\ArchitectsCompanion\jac2017\classes;C:\ArchitectsCompanion\jac2017\lib\jac\jac.jar;C:\ArchitectsCompanion\jac2017\lib\mic\mic.jar;C:\ArchitectsCompanion\jac2017\lib\jetty\org.mortbay.jetty.jar;C:\ArchitectsCompanion\jac2017\lib\jetty\org.mortbay.jmx.jar;C:\ArchitectsCompanion\jac2017\lib\jetty\javax.servlet.jar;C:\ArchitectsCompanion\jac2017\jdk1.8.0_112\lib\tools.jar;C:\ArchitectsCompanion\jac2017\lib\mysql-connector-java-5.1.18\mysql-connector-java-5.1.18-bin.jar;C:\ArchitectsCompanion\jac2017\lib\crimson\crimson.jar;C:\ArchitectsCompanion\jac2017\lib\jacob-1.17-M2\jacob.jar;C:\ArchitectsCompanion\jac2017\lib\jni4net-0.8.6.0-bin\lib\jni4net.j-0.8.6.0.jar;C:\ArchitectsCompanion\jac2017\lib\json-simple-1.1.jar\json-simple-1.1.jar
2198: DEBUG-com.esarks.jac.jac:getScript()!$jac:path:home=C:\ArchitectsCompanion\jac2017
2198: DEBUG-com.esarks.jac.jac:getScript()!$jac:path:work=C:\ArchitectsCompanion\jac2017\classes
2198: DEBUG-com.esarks.jac.jac:getScript()!$jac:path:scripts=C:\ArchitectsCompanion\jac2017\app
2199: DEBUG-com.esarks.jac.jac:getScript()!$jac:path:document=C:\Users\ptm
2199: DEBUG-com.esarks.jac.jac:getScript()!$jac:fileSeparator=\
2199: DEBUG-com.esarks.jac.jac:getScript()!$jac:verifyScripts=true
2199: DEBUG-com.esarks.jac.jac:getScript()!$jac:compile=true
2200: DEBUG-com.esarks.jac.jac:getScript()!$jac:dateTime=2019.06.18 08:31:12.890 PM EDT
2200: DEBUG-com.esarks.jac.jac:getScript()!Script=com.esarks.jac.jrun.Job
2201: DEBUG-com.esarks.jac.jac:getScript()!Method=execute
2201: DEBUG-com.esarks.jac.jac:getScript()!Argument=com.esarks.jac.jrun.Jrun
2201: DEBUG-com.esarks.jac.jac:getScript()!Argument=execute
2201: DEBUG-com.esarks.jac.jac:getScript()!Argument=C:\ArchitectsCompanion\jac2017\app\paul\basics\HelloWorld.jrun
2201: DEBUG-com.esarks.jac.jac:getScript()!Calling Script.execMethod with arguments...
2413: APP-com.esarks.jac.jrun.Jrun:execute(String)!Enter method!aXml="C:\ArchitectsCompanion\jac2017\app\paul\basics\HelloWorld.jrun"
4288: APP-com.esarks.jac.jrun.Jrun:execute(String)!Normal final exit method!Elapsed time = 1875
