Wed Jun 12 15:38:38 EDT 2019: Start
0: Open log file.
61: DEBUG-com.esarks.jac.jac:getScript()!Log opened by jac!Debug=5!DebugClass=5
1644: DEBUG-com.esarks.jac.jac:getScript()!$jac:context=jac
1644: DEBUG-com.esarks.jac.jac:getScript()!$jac:path:classpath=C:\ArchitectsCompanion\jac2017\classes;C:\ArchitectsCompanion\jac2017\lib\jac\jac.jar;C:\ArchitectsCompanion\jac2017\lib\mic\mic.jar;C:\ArchitectsCompanion\jac2017\lib\jetty\org.mortbay.jetty.jar;C:\ArchitectsCompanion\jac2017\lib\jetty\org.mortbay.jmx.jar;C:\ArchitectsCompanion\jac2017\lib\jetty\javax.servlet.jar;C:\ArchitectsCompanion\jac2017\jdk1.8.0_112\lib\tools.jar;C:\ArchitectsCompanion\jac2017\lib\mysql-connector-java-5.1.18\mysql-connector-java-5.1.18-bin.jar;C:\ArchitectsCompanion\jac2017\lib\crimson\crimson.jar;C:\ArchitectsCompanion\jac2017\lib\jacob-1.17-M2\jacob.jar;C:\ArchitectsCompanion\jac2017\lib\jni4net-0.8.6.0-bin\lib\jni4net.j-0.8.6.0.jar
1644: DEBUG-com.esarks.jac.jac:getScript()!$jac:path:home=C:\ArchitectsCompanion\jac2017
1644: DEBUG-com.esarks.jac.jac:getScript()!$jac:path:work=C:\ArchitectsCompanion\jac2017\classes
1645: DEBUG-com.esarks.jac.jac:getScript()!$jac:path:scripts=C:\ArchitectsCompanion\jac2017\app
1645: DEBUG-com.esarks.jac.jac:getScript()!$jac:path:document=C:\Users\ptm
1645: DEBUG-com.esarks.jac.jac:getScript()!$jac:fileSeparator=\
1645: DEBUG-com.esarks.jac.jac:getScript()!$jac:verifyScripts=true
1645: DEBUG-com.esarks.jac.jac:getScript()!$jac:compile=true
1646: DEBUG-com.esarks.jac.jac:getScript()!$jac:dateTime=2019.06.12 03:38:40.047 PM EDT
1646: DEBUG-com.esarks.jac.jac:getScript()!Script=com.esarks.jac.jrun.Job
1646: DEBUG-com.esarks.jac.jac:getScript()!Method=execute
1646: DEBUG-com.esarks.jac.jac:getScript()!Argument=com.esarks.jac.jrun.Jrun
1647: DEBUG-com.esarks.jac.jac:getScript()!Argument=execute
1647: DEBUG-com.esarks.jac.jac:getScript()!Argument=C:\ArchitectsCompanion\jac2017\app\ParseXML\HelloWorld.jrun
1647: DEBUG-com.esarks.jac.jac:getScript()!Calling Script.execMethod with arguments...
1770: APP-com.esarks.jac.jrun.Jrun:execute(String)!Enter method!aXml="C:\ArchitectsCompanion\jac2017\app\ParseXML\HelloWorld.jrun"
3329: APP-com.esarks.jac.jrun.Jrun:execute(String)!Normal final exit method!Elapsed time = 1559
