Sun Jun 16 08:43:27 EDT 2019: Start
0: Open log file.
68: DEBUG-com.esarks.jac.jac:getScript()!Log opened by jac!Debug=9!DebugClass=9
1321: DEBUG-com.esarks.jac.jac:getScript()!$jac:context=jac
1321: DEBUG-com.esarks.jac.jac:getScript()!$jac:path:classpath=C:\ArchitectsCompanion\jac2017\classes;C:\ArchitectsCompanion\jac2017\lib\jac\jac.jar;C:\ArchitectsCompanion\jac2017\lib\mic\mic.jar;C:\ArchitectsCompanion\jac2017\lib\jetty\org.mortbay.jetty.jar;C:\ArchitectsCompanion\jac2017\lib\jetty\org.mortbay.jmx.jar;C:\ArchitectsCompanion\jac2017\lib\jetty\javax.servlet.jar;C:\ArchitectsCompanion\jac2017\jdk1.8.0_112\lib\tools.jar;C:\ArchitectsCompanion\jac2017\lib\mysql-connector-java-5.1.18\mysql-connector-java-5.1.18-bin.jar;C:\ArchitectsCompanion\jac2017\lib\crimson\crimson.jar;C:\ArchitectsCompanion\jac2017\lib\jacob-1.17-M2\jacob.jar;C:\ArchitectsCompanion\jac2017\lib\jni4net-0.8.6.0-bin\lib\jni4net.j-0.8.6.0.jar;C:\ArchitectsCompanion\jac2017\lib\java-json.jar\java-json.jar
1330: DEBUG-com.esarks.jac.jac:getScript()!$jac:path:home=C:\ArchitectsCompanion\jac2017
1330: DEBUG-com.esarks.jac.jac:getScript()!$jac:path:work=C:\ArchitectsCompanion\jac2017\classes
1330: DEBUG-com.esarks.jac.jac:getScript()!$jac:path:scripts=C:\ArchitectsCompanion\jac2017\app
1330: DEBUG-com.esarks.jac.jac:getScript()!$jac:path:document=C:\Users\ptm
1330: DEBUG-com.esarks.jac.jac:getScript()!$jac:fileSeparator=\
1330: DEBUG-com.esarks.jac.jac:getScript()!$jac:verifyScripts=true
1330: DEBUG-com.esarks.jac.jac:getScript()!$jac:compile=true
1331: DEBUG-com.esarks.jac.jac:getScript()!$jac:dateTime=2019.06.16 08:43:28.877 AM EDT
1332: DEBUG-com.esarks.jac.jac:getScript()!Script=com.esarks.jac.jrun.Job
1332: DEBUG-com.esarks.jac.jac:getScript()!Method=execute
1332: DEBUG-com.esarks.jac.jac:getScript()!Argument=com.esarks.jac.jrun.Jrun
1332: DEBUG-com.esarks.jac.jac:getScript()!Argument=execute
1332: DEBUG-com.esarks.jac.jac:getScript()!Argument=C:\ArchitectsCompanion\jac2017\app\paul\basics\HelloWorld.jrun
1332: DEBUG-com.esarks.jac.jac:getScript()!Calling Script.execMethod with arguments...
1449: APP-com.esarks.jac.jrun.Jrun:execute(String)!Enter method!aXml="C:\ArchitectsCompanion\jac2017\app\paul\basics\HelloWorld.jrun"
3256: APP-com.esarks.jac.jrun.Jrun:execute(String)!Normal final exit method!Elapsed time = 1807
