Tue Jun 18 19:48:47 EDT 2019: Start
0: Open log file.
21: DEBUG-com.esarks.jac.jac:getScript()!Log opened by jac!Debug=9!DebugClass=9
368: DEBUG-com.esarks.jac.jac:getScript()!$jac:context=jac
368: DEBUG-com.esarks.jac.jac:getScript()!$jac:path:classpath=C:\ArchitectsCompanion\jac2017\classes;C:\ArchitectsCompanion\jac2017\lib\jac\jac.jar;C:\ArchitectsCompanion\jac2017\lib\mic\mic.jar;C:\ArchitectsCompanion\jac2017\lib\jetty\org.mortbay.jetty.jar;C:\ArchitectsCompanion\jac2017\lib\jetty\org.mortbay.jmx.jar;C:\ArchitectsCompanion\jac2017\lib\jetty\javax.servlet.jar;C:\ArchitectsCompanion\jac2017\jdk1.8.0_112\lib\tools.jar;C:\ArchitectsCompanion\jac2017\lib\mysql-connector-java-5.1.18\mysql-connector-java-5.1.18-bin.jar;C:\ArchitectsCompanion\jac2017\lib\crimson\crimson.jar;C:\ArchitectsCompanion\jac2017\lib\jacob-1.17-M2\jacob.jar;C:\ArchitectsCompanion\jac2017\lib\jni4net-0.8.6.0-bin\lib\jni4net.j-0.8.6.0.jar;C:\ArchitectsCompanion\jac2017\lib\java-json.jar\java-json.jar
376: DEBUG-com.esarks.jac.jac:getScript()!$jac:path:home=C:\ArchitectsCompanion\jac2017
376: DEBUG-com.esarks.jac.jac:getScript()!$jac:path:work=C:\ArchitectsCompanion\jac2017\classes
376: DEBUG-com.esarks.jac.jac:getScript()!$jac:path:scripts=C:\ArchitectsCompanion\jac2017\app
376: DEBUG-com.esarks.jac.jac:getScript()!$jac:path:document=C:\Users\ptm
376: DEBUG-com.esarks.jac.jac:getScript()!$jac:fileSeparator=\
376: DEBUG-com.esarks.jac.jac:getScript()!$jac:verifyScripts=true
376: DEBUG-com.esarks.jac.jac:getScript()!$jac:compile=true
376: DEBUG-com.esarks.jac.jac:getScript()!$jac:dateTime=2019.06.18 07:48:47.506 PM EDT
376: DEBUG-com.esarks.jac.jac:getScript()!Script=com.esarks.jac.jrun.Job
376: DEBUG-com.esarks.jac.jac:getScript()!Method=execute
376: DEBUG-com.esarks.jac.jac:getScript()!Argument=com.esarks.jac.jrun.Jrun
376: DEBUG-com.esarks.jac.jac:getScript()!Argument=execute
376: DEBUG-com.esarks.jac.jac:getScript()!Argument=C:\ArchitectsCompanion\jac2017\app\paul\basics\HelloWorld.jrun
377: DEBUG-com.esarks.jac.jac:getScript()!Calling Script.execMethod with arguments...
406: APP-com.esarks.jac.jrun.Jrun:execute(String)!Enter method!aXml="C:\ArchitectsCompanion\jac2017\app\paul\basics\HelloWorld.jrun"
906: APP-com.esarks.jac.jrun.Jrun:execute(String)!Normal final exit method!Elapsed time = 500
