Wed Jun 26 14:10:59 EDT 2019: Start
0: Open log file.
993: DEBUG-com.esarks.jac.jac:getScript()!Log opened by jac!Debug=9!DebugClass=9
23283: DEBUG-com.esarks.jac.jac:getScript()!$jac:context=jac
23284: DEBUG-com.esarks.jac.jac:getScript()!$jac:path:classpath=C:\ArchitectsCompanion\jac2017\classes;C:\ArchitectsCompanion\jac2017\lib\jac\jac.jar;C:\ArchitectsCompanion\jac2017\lib\mic\mic.jar;C:\ArchitectsCompanion\jac2017\lib\jetty\org.mortbay.jetty.jar;C:\ArchitectsCompanion\jac2017\lib\jetty\org.mortbay.jmx.jar;C:\ArchitectsCompanion\jac2017\lib\jetty\javax.servlet.jar;C:\ArchitectsCompanion\jac2017\jdk1.8.0_112\lib\tools.jar;C:\ArchitectsCompanion\jac2017\lib\mysql-connector-java-5.1.18\mysql-connector-java-5.1.18-bin.jar;C:\ArchitectsCompanion\jac2017\lib\crimson\crimson.jar;C:\ArchitectsCompanion\jac2017\lib\jacob-1.19\jacob.jar;C:\ArchitectsCompanion\jac2017\lib\jni4net-0.8.6.0-bin\lib\jni4net.j-0.8.6.0.jar;C:\ArchitectsCompanion\jac2017\lib\json-simple-1.1.jar\json-simple-1.1.jar
23286: DEBUG-com.esarks.jac.jac:getScript()!$jac:path:home=C:\ArchitectsCompanion\jac2017
23287: DEBUG-com.esarks.jac.jac:getScript()!$jac:path:work=C:\ArchitectsCompanion\jac2017\classes
23288: DEBUG-com.esarks.jac.jac:getScript()!$jac:path:scripts=C:\ArchitectsCompanion\jac2017\app
23289: DEBUG-com.esarks.jac.jac:getScript()!$jac:path:document=C:\Users\ptm
23290: DEBUG-com.esarks.jac.jac:getScript()!$jac:fileSeparator=\
23291: DEBUG-com.esarks.jac.jac:getScript()!$jac:verifyScripts=true
23292: DEBUG-com.esarks.jac.jac:getScript()!$jac:compile=true
23295: DEBUG-com.esarks.jac.jac:getScript()!$jac:dateTime=2019.06.26 02:11:23.005 PM EDT
23296: DEBUG-com.esarks.jac.jac:getScript()!Script=com.esarks.jac.jrun.Job
23296: DEBUG-com.esarks.jac.jac:getScript()!Method=execute
23297: DEBUG-com.esarks.jac.jac:getScript()!Argument=com.esarks.jac.jrun.Jrun
23297: DEBUG-com.esarks.jac.jac:getScript()!Argument=execute
23297: DEBUG-com.esarks.jac.jac:getScript()!Argument=C:\ArchitectsCompanion\jac2017\app\paul\rete\Rete.jrun
23298: DEBUG-com.esarks.jac.jac:getScript()!Calling Script.execMethod with arguments...
23644: APP-com.esarks.jac.jrun.Jrun:execute(String)!Enter method!aXml="C:\ArchitectsCompanion\jac2017\app\paul\rete\Rete.jrun"
