Fri Jun 21 12:34:41 EDT 2019: Start
0: Open log file.
88: DEBUG-com.esarks.jac.jac:getScript()!Log opened by jac!Debug=9!DebugClass=9
1450: DEBUG-com.esarks.jac.jac:getScript()!$jac:context=jac
1450: DEBUG-com.esarks.jac.jac:getScript()!$jac:path:classpath=C:\ArchitectsCompanion\jac2017\classes;C:\ArchitectsCompanion\jac2017\lib\jac\jac.jar;C:\ArchitectsCompanion\jac2017\lib\mic\mic.jar;C:\ArchitectsCompanion\jac2017\lib\jetty\org.mortbay.jetty.jar;C:\ArchitectsCompanion\jac2017\lib\jetty\org.mortbay.jmx.jar;C:\ArchitectsCompanion\jac2017\lib\jetty\javax.servlet.jar;C:\ArchitectsCompanion\jac2017\jdk1.8.0_112\lib\tools.jar;C:\ArchitectsCompanion\jac2017\lib\mysql-connector-java-5.1.18\mysql-connector-java-5.1.18-bin.jar;C:\ArchitectsCompanion\jac2017\lib\crimson\crimson.jar;C:\ArchitectsCompanion\jac2017\lib\jacob-1.17-M2\jacob.jar;C:\ArchitectsCompanion\jac2017\lib\jni4net-0.8.6.0-bin\lib\jni4net.j-0.8.6.0.jar;C:\ArchitectsCompanion\jac2017\lib\json-simple-1.1.jar\json-simple-1.1.jar
1450: DEBUG-com.esarks.jac.jac:getScript()!$jac:path:home=C:\ArchitectsCompanion\jac2017
1451: DEBUG-com.esarks.jac.jac:getScript()!$jac:path:work=C:\ArchitectsCompanion\jac2017\classes
1451: DEBUG-com.esarks.jac.jac:getScript()!$jac:path:scripts=C:\ArchitectsCompanion\jac2017\app
1451: DEBUG-com.esarks.jac.jac:getScript()!$jac:path:document=C:\Users\ptm
1451: DEBUG-com.esarks.jac.jac:getScript()!$jac:fileSeparator=\
1451: DEBUG-com.esarks.jac.jac:getScript()!$jac:verifyScripts=true
1451: DEBUG-com.esarks.jac.jac:getScript()!$jac:compile=true
1453: DEBUG-com.esarks.jac.jac:getScript()!$jac:dateTime=2019.06.21 12:34:42.752 PM EDT
1453: DEBUG-com.esarks.jac.jac:getScript()!Script=com.esarks.jac.jrun.Job
1453: DEBUG-com.esarks.jac.jac:getScript()!Method=execute
1453: DEBUG-com.esarks.jac.jac:getScript()!Argument=com.esarks.jac.jrun.Jrun
1453: DEBUG-com.esarks.jac.jac:getScript()!Argument=execute
1453: DEBUG-com.esarks.jac.jac:getScript()!Argument=C:\ArchitectsCompanion\jac2017\app\ParseXML\ParseSprints.jrun
1453: DEBUG-com.esarks.jac.jac:getScript()!Calling Script.execMethod with arguments...
1562: APP-com.esarks.jac.jrun.Jrun:execute(String)!Enter method!aXml="C:\ArchitectsCompanion\jac2017\app\ParseXML\ParseSprints.jrun"
18762: APP-com.esarks.jac.jrun.Jrun:execute(String)!Normal final exit method!Elapsed time = 17200
