Fri Jun 21 11:52:29 EDT 2019: Start
0: Open log file.
115: DEBUG-com.esarks.jac.jac:getScript()!Log opened by jac!Debug=9!DebugClass=9
6677: DEBUG-com.esarks.jac.jac:getScript()!$jac:context=jac
6677: DEBUG-com.esarks.jac.jac:getScript()!$jac:path:classpath=C:\ArchitectsCompanion\jac2017\classes;C:\ArchitectsCompanion\jac2017\lib\jac\jac.jar;C:\ArchitectsCompanion\jac2017\lib\mic\mic.jar;C:\ArchitectsCompanion\jac2017\lib\jetty\org.mortbay.jetty.jar;C:\ArchitectsCompanion\jac2017\lib\jetty\org.mortbay.jmx.jar;C:\ArchitectsCompanion\jac2017\lib\jetty\javax.servlet.jar;C:\ArchitectsCompanion\jac2017\jdk1.8.0_112\lib\tools.jar;C:\ArchitectsCompanion\jac2017\lib\mysql-connector-java-5.1.18\mysql-connector-java-5.1.18-bin.jar;C:\ArchitectsCompanion\jac2017\lib\crimson\crimson.jar;C:\ArchitectsCompanion\jac2017\lib\jacob-1.17-M2\jacob.jar;C:\ArchitectsCompanion\jac2017\lib\jni4net-0.8.6.0-bin\lib\jni4net.j-0.8.6.0.jar;C:\ArchitectsCompanion\jac2017\lib\json-simple-1.1.jar\json-simple-1.1.jar
6677: DEBUG-com.esarks.jac.jac:getScript()!$jac:path:home=C:\ArchitectsCompanion\jac2017
6677: DEBUG-com.esarks.jac.jac:getScript()!$jac:path:work=C:\ArchitectsCompanion\jac2017\classes
6678: DEBUG-com.esarks.jac.jac:getScript()!$jac:path:scripts=C:\ArchitectsCompanion\jac2017\app
6678: DEBUG-com.esarks.jac.jac:getScript()!$jac:path:document=C:\Users\ptm
6678: DEBUG-com.esarks.jac.jac:getScript()!$jac:fileSeparator=\
6678: DEBUG-com.esarks.jac.jac:getScript()!$jac:verifyScripts=true
6678: DEBUG-com.esarks.jac.jac:getScript()!$jac:compile=true
6679: DEBUG-com.esarks.jac.jac:getScript()!$jac:dateTime=2019.06.21 11:52:36.660 AM EDT
6679: DEBUG-com.esarks.jac.jac:getScript()!Script=com.esarks.jac.jrun.Job
6679: DEBUG-com.esarks.jac.jac:getScript()!Method=execute
6679: DEBUG-com.esarks.jac.jac:getScript()!Argument=com.esarks.jac.jrun.Jrun
6680: DEBUG-com.esarks.jac.jac:getScript()!Argument=execute
6680: DEBUG-com.esarks.jac.jac:getScript()!Argument=C:\ArchitectsCompanion\jac2017\app\ParseXML\ParseSprints.jrun
6680: DEBUG-com.esarks.jac.jac:getScript()!Calling Script.execMethod with arguments...
6870: APP-com.esarks.jac.jrun.Jrun:execute(String)!Enter method!aXml="C:\ArchitectsCompanion\jac2017\app\ParseXML\ParseSprints.jrun"
56345: APP-com.esarks.jac.jrun.Jrun:execute(String)!Normal final exit method!Elapsed time = 49475
