Tue Aug 27 08:10:16 EDT 2019: Start
0: Open log file.
74: DEBUG-com.esarks.jac.jac:getScript()!Log opened by jac!Debug=9!DebugClass=9
4755: DEBUG-com.esarks.jac.jac:getScript()!$jac:context=jac
4755: DEBUG-com.esarks.jac.jac:getScript()!$jac:path:classpath=C:\ArchitectsCompanion\jac2017\classes;C:\ArchitectsCompanion\jac2017\lib\jac\jac.jar;C:\ArchitectsCompanion\jac2017\lib\mic\mic.jar;C:\ArchitectsCompanion\jac2017\lib\jetty\org.mortbay.jetty.jar;C:\ArchitectsCompanion\jac2017\lib\jetty\org.mortbay.jmx.jar;C:\ArchitectsCompanion\jac2017\lib\jetty\javax.servlet.jar;C:\ArchitectsCompanion\jac2017\jdk1.8.0_112\lib\tools.jar;C:\ArchitectsCompanion\jac2017\lib\mysql-connector-java-5.1.18\mysql-connector-java-5.1.18-bin.jar;C:\ArchitectsCompanion\jac2017\lib\crimson\crimson.jar;C:\ArchitectsCompanion\jac2017\lib\jacob-1.19\jacob.jar;C:\ArchitectsCompanion\jac2017\lib\jni4net-0.8.6.0-bin\lib\jni4net.j-0.8.6.0.jar;C:\ArchitectsCompanion\jac2017\lib\json-simple-1.1.jar\json-simple-1.1.jar
4765: DEBUG-com.esarks.jac.jac:getScript()!$jac:path:home=C:\ArchitectsCompanion\jac2017
4765: DEBUG-com.esarks.jac.jac:getScript()!$jac:path:work=C:\ArchitectsCompanion\jac2017\classes
4765: DEBUG-com.esarks.jac.jac:getScript()!$jac:path:scripts=C:\ArchitectsCompanion\jac2017\app
4766: DEBUG-com.esarks.jac.jac:getScript()!$jac:path:document=C:\Users\ptm
4766: DEBUG-com.esarks.jac.jac:getScript()!$jac:fileSeparator=\
4766: DEBUG-com.esarks.jac.jac:getScript()!$jac:verifyScripts=true
4766: DEBUG-com.esarks.jac.jac:getScript()!$jac:compile=true
4768: DEBUG-com.esarks.jac.jac:getScript()!$jac:dateTime=2019.08.27 08:10:21.657 AM EDT
4768: DEBUG-com.esarks.jac.jac:getScript()!Script=com.esarks.jac.jrun.Job
4768: DEBUG-com.esarks.jac.jac:getScript()!Method=execute
4769: DEBUG-com.esarks.jac.jac:getScript()!Argument=com.esarks.jac.jrun.Jrun
4769: DEBUG-com.esarks.jac.jac:getScript()!Argument=execute
4769: DEBUG-com.esarks.jac.jac:getScript()!Argument=C:\ArchitectsCompanion\jac2017\app\ehrm\Parse.jrun
4769: DEBUG-com.esarks.jac.jac:getScript()!Calling Script.execMethod with arguments...
4955: APP-com.esarks.jac.jrun.Jrun:execute(String)!Enter method!aXml="C:\ArchitectsCompanion\jac2017\app\ehrm\Parse.jrun"
11939: APP-com.esarks.jac.jrun.Jrun:execute(String)!Normal final exit method!Elapsed time = 6984
