Wed Sep 11 08:35:54 CDT 2019: Start
0: Open log file.
22: DEBUG-com.esarks.jac.jac:getScript()!Log opened by jac!Debug=9!DebugClass=9
370: DEBUG-com.esarks.jac.jac:getScript()!$jac:context=jac
370: DEBUG-com.esarks.jac.jac:getScript()!$jac:path:classpath=C:\ArchitectsCompanion\jac2017\classes;C:\ArchitectsCompanion\jac2017\lib\jac\jac.jar;C:\ArchitectsCompanion\jac2017\lib\mic\mic.jar;C:\ArchitectsCompanion\jac2017\lib\jetty\org.mortbay.jetty.jar;C:\ArchitectsCompanion\jac2017\lib\jetty\org.mortbay.jmx.jar;C:\ArchitectsCompanion\jac2017\lib\jetty\javax.servlet.jar;C:\ArchitectsCompanion\jac2017\jdk1.8.0_112\lib\tools.jar;C:\ArchitectsCompanion\jac2017\lib\mysql-connector-java-5.1.18\mysql-connector-java-5.1.18-bin.jar;C:\ArchitectsCompanion\jac2017\lib\crimson\crimson.jar;C:\ArchitectsCompanion\jac2017\lib\jacob-1.19\jacob.jar;C:\ArchitectsCompanion\jac2017\lib\jni4net-0.8.6.0-bin\lib\jni4net.j-0.8.6.0.jar;C:\ArchitectsCompanion\jac2017\lib\json-simple-1.1.jar\json-simple-1.1.jar;C:\ArchitectsCompanion\jac2017\lib\hapi-dist-2.2-all\lib\hapi-base-2.2.jar;C:\ArchitectsCompanion\jac2017\lib\hapi-dist-2.2-all\lib\hapi-examples-2.2.jar;C:\ArchitectsCompanion\jac2017\lib\hapi-dist-2.2-all\lib\hapi-hl7overhttp-2.2.jar;C:\ArchitectsCompanion\jac2017\lib\hapi-dist-2.2-all\lib\hapi-structures-v21-2.2.jar;C:\ArchitectsCompanion\jac2017\lib\hapi-dist-2.2-all\lib\hapi-structures-v22-2.2.jar;C:\ArchitectsCompanion\jac2017\lib\hapi-dist-2.2-all\lib\hapi-structures-v23-2.2.jar;C:\ArchitectsCompanion\jac2017\lib\hapi-dist-2.2-all\lib\hapi-structures-v231-2.2.jar;C:\ArchitectsCompanion\jac2017\lib\hapi-dist-2.2-all\lib\hapi-structures-v24-2.2.jar;C:\ArchitectsCompanion\jac2017\lib\hapi-dist-2.2-all\lib\hapi-structures-v25-2.2.jar;C:\ArchitectsCompanion\jac2017\lib\hapi-dist-2.2-all\lib\hapi-structures-v251-2.2.jar;C:\ArchitectsCompanion\jac2017\lib\hapi-dist-2.2-all\lib\hapi-structures-v26-2.2.jar;C:\ArchitectsCompanion\jac2017\lib\hapi-dist-2.2-all\lib\log4j-1.2.17.jar;C:\ArchitectsCompanion\jac2017\lib\hapi-dist-2.2-all\lib\slf4j-api-1.6.6.jar;C:\ArchitectsCompanion\jac2017\lib\hapi-dist-2.2-all\lib\slf4j-log4j12-1.6.6.jar
370: DEBUG-com.esarks.jac.jac:getScript()!$jac:path:home=C:\ArchitectsCompanion\jac2017
370: DEBUG-com.esarks.jac.jac:getScript()!$jac:path:work=C:\ArchitectsCompanion\jac2017\classes
370: DEBUG-com.esarks.jac.jac:getScript()!$jac:path:scripts=C:\ArchitectsCompanion\jac2017\app
370: DEBUG-com.esarks.jac.jac:getScript()!$jac:path:document=C:\Users\ptm
370: DEBUG-com.esarks.jac.jac:getScript()!$jac:fileSeparator=\
370: DEBUG-com.esarks.jac.jac:getScript()!$jac:verifyScripts=true
370: DEBUG-com.esarks.jac.jac:getScript()!$jac:compile=true
371: DEBUG-com.esarks.jac.jac:getScript()!$jac:dateTime=2019.09.11 08:35:54.563 AM CDT
371: DEBUG-com.esarks.jac.jac:getScript()!Script=com.esarks.jac.jrun.Job
371: DEBUG-com.esarks.jac.jac:getScript()!Method=execute
371: DEBUG-com.esarks.jac.jac:getScript()!Argument=com.esarks.jac.jrun.Jrun
371: DEBUG-com.esarks.jac.jac:getScript()!Argument=execute
371: DEBUG-com.esarks.jac.jac:getScript()!Argument=C:\ArchitectsCompanion\jac2017\app\ehrm\Hapi.jrun
371: DEBUG-com.esarks.jac.jac:getScript()!Calling Script.execMethod with arguments...
399: APP-com.esarks.jac.jrun.Jrun:execute(String)!Enter method!aXml="C:\ArchitectsCompanion\jac2017\app\ehrm\Hapi.jrun"
552: APP-com.esarks.jac.jrun.Jrun:execute(String)!Normal final exit method!Elapsed time = 153
