Thu Oct 17 15:38:36 EDT 2019: Start
0: Open log file.
23: DEBUG-com.esarks.jac.jac:getScript()!Log opened by jac!Debug=9!DebugClass=9
436: DEBUG-com.esarks.jac.jac:getScript()!$jac:context=jac
436: DEBUG-com.esarks.jac.jac:getScript()!$jac:path:classpath=C:\GitHub\ArchitectsCompanion\jac2020\classes;C:\GitHub\ArchitectsCompanion\jac2020\lib\jac\jac.jar;C:\GitHub\ArchitectsCompanion\jac2020\lib\mic\mic.jar;C:\GitHub\ArchitectsCompanion\jac2020\lib\jetty\org.mortbay.jetty.jar;C:\GitHub\ArchitectsCompanion\jac2020\lib\jetty\org.mortbay.jmx.jar;C:\GitHub\ArchitectsCompanion\jac2020\lib\jetty\javax.servlet.jar;C:\GitHub\ArchitectsCompanion\jac2020\jdk1.8.0_112\lib\tools.jar;C:\GitHub\ArchitectsCompanion\jac2020\lib\mysql-connector-java-5.1.18\mysql-connector-java-5.1.18-bin.jar;C:\GitHub\ArchitectsCompanion\jac2020\lib\crimson\crimson.jar;C:\GitHub\ArchitectsCompanion\jac2020\lib\jacob-1.19\jacob.jar;C:\GitHub\ArchitectsCompanion\jac2020\lib\jni4net-0.8.6.0-bin\lib\jni4net.j-0.8.6.0.jar;C:\GitHub\ArchitectsCompanion\jac2020\lib\json-simple-1.1.jar\json-simple-1.1.jar;C:\GitHub\ArchitectsCompanion\jac2020\lib\hapi-dist-2.2-all\lib\hapi-base-2.2.jar;C:\GitHub\ArchitectsCompanion\jac2020\lib\hapi-dist-2.2-all\lib\hapi-examples-2.2.jar;C:\GitHub\ArchitectsCompanion\jac2020\lib\hapi-dist-2.2-all\lib\hapi-hl7overhttp-2.2.jar;C:\GitHub\ArchitectsCompanion\jac2020\lib\hapi-dist-2.2-all\lib\hapi-structures-v21-2.2.jar;C:\GitHub\ArchitectsCompanion\jac2020\lib\hapi-dist-2.2-all\lib\hapi-structures-v22-2.2.jar;C:\GitHub\ArchitectsCompanion\jac2020\lib\hapi-dist-2.2-all\lib\hapi-structures-v23-2.2.jar;C:\GitHub\ArchitectsCompanion\jac2020\lib\hapi-dist-2.2-all\lib\hapi-structures-v231-2.2.jar;C:\GitHub\ArchitectsCompanion\jac2020\lib\hapi-dist-2.2-all\lib\hapi-structures-v24-2.2.jar;C:\GitHub\ArchitectsCompanion\jac2020\lib\hapi-dist-2.2-all\lib\hapi-structures-v25-2.2.jar;C:\GitHub\ArchitectsCompanion\jac2020\lib\hapi-dist-2.2-all\lib\hapi-structures-v251-2.2.jar;C:\GitHub\ArchitectsCompanion\jac2020\lib\hapi-dist-2.2-all\lib\hapi-structures-v26-2.2.jar;C:\GitHub\ArchitectsCompanion\jac2020\lib\hapi-dist-2.2-all\lib\log4j-1.2.17.jar;C:\GitHub\ArchitectsCompanion\jac2020\lib\hapi-dist-2.2-all\lib\slf4j-api-1.6.6.jar;C:\GitHub\ArchitectsCompanion\jac2020\lib\hapi-dist-2.2-all\lib\slf4j-log4j12-1.6.6.jar
437: DEBUG-com.esarks.jac.jac:getScript()!$jac:path:home=C:\GitHub\ArchitectsCompanion\jac2020
437: DEBUG-com.esarks.jac.jac:getScript()!$jac:path:work=C:\GitHub\ArchitectsCompanion\jac2020\classes
438: DEBUG-com.esarks.jac.jac:getScript()!$jac:path:scripts=C:\GitHub\ArchitectsCompanion\jac2020\app
438: DEBUG-com.esarks.jac.jac:getScript()!$jac:path:document=C:\Users\ptm
438: DEBUG-com.esarks.jac.jac:getScript()!$jac:fileSeparator=\
438: DEBUG-com.esarks.jac.jac:getScript()!$jac:verifyScripts=true
438: DEBUG-com.esarks.jac.jac:getScript()!$jac:compile=true
439: DEBUG-com.esarks.jac.jac:getScript()!$jac:dateTime=2019.10.17 03:38:36.589 PM EDT
439: DEBUG-com.esarks.jac.jac:getScript()!Script=com.esarks.jac.jrun.Job
439: DEBUG-com.esarks.jac.jac:getScript()!Method=execute
439: DEBUG-com.esarks.jac.jac:getScript()!Argument=com.esarks.jac.jrun.Jrun
439: DEBUG-com.esarks.jac.jac:getScript()!Argument=execute
439: DEBUG-com.esarks.jac.jac:getScript()!Argument=C:\GitHub\ArchitectsCompanion\jac2020\app\ehrm\WorkflowTaxonomy\WorkflowTaxonomyBuild.jrun
439: DEBUG-com.esarks.jac.jac:getScript()!Calling Script.execMethod with arguments...
482: APP-com.esarks.jac.jrun.Jrun:execute(String)!Enter method!aXml="C:\GitHub\ArchitectsCompanion\jac2020\app\ehrm\WorkflowTaxonomy\WorkflowTaxonomyBuild.jrun"
