Fri Oct 18 09:13:19 EDT 2019: Start
0: Open log file.
20: DEBUG-com.esarks.jac.jac:getScript()!Log opened by jac!Debug=9!DebugClass=9
458: DEBUG-com.esarks.jac.jac:getScript()!$jac:context=jac
459: DEBUG-com.esarks.jac.jac:getScript()!$jac:path:classpath=C:\GitHub\ArchitectsCompanion\jac2020\classes;C:\GitHub\ArchitectsCompanion\jac2020\lib\jac\jac.jar;C:\GitHub\ArchitectsCompanion\jac2020\lib\mic\mic.jar;C:\GitHub\ArchitectsCompanion\jac2020\lib\jetty\org.mortbay.jetty.jar;C:\GitHub\ArchitectsCompanion\jac2020\lib\jetty\org.mortbay.jmx.jar;C:\GitHub\ArchitectsCompanion\jac2020\lib\jetty\javax.servlet.jar;C:\GitHub\ArchitectsCompanion\jac2020\jdk1.8.0_112\lib\tools.jar;C:\GitHub\ArchitectsCompanion\jac2020\lib\mysql-connector-java-5.1.18\mysql-connector-java-5.1.18-bin.jar;C:\GitHub\ArchitectsCompanion\jac2020\lib\crimson\crimson.jar;C:\GitHub\ArchitectsCompanion\jac2020\lib\jacob-1.19\jacob.jar;C:\GitHub\ArchitectsCompanion\jac2020\lib\jni4net-0.8.6.0-bin\lib\jni4net.j-0.8.6.0.jar;C:\GitHub\ArchitectsCompanion\jac2020\lib\json-simple-1.1.jar\json-simple-1.1.jar;C:\GitHub\ArchitectsCompanion\jac2020\lib\hapi-dist-2.2-all\lib\hapi-base-2.2.jar;C:\GitHub\ArchitectsCompanion\jac2020\lib\hapi-dist-2.2-all\lib\hapi-examples-2.2.jar;C:\GitHub\ArchitectsCompanion\jac2020\lib\hapi-dist-2.2-all\lib\hapi-hl7overhttp-2.2.jar;C:\GitHub\ArchitectsCompanion\jac2020\lib\hapi-dist-2.2-all\lib\hapi-structures-v21-2.2.jar;C:\GitHub\ArchitectsCompanion\jac2020\lib\hapi-dist-2.2-all\lib\hapi-structures-v22-2.2.jar;C:\GitHub\ArchitectsCompanion\jac2020\lib\hapi-dist-2.2-all\lib\hapi-structures-v23-2.2.jar;C:\GitHub\ArchitectsCompanion\jac2020\lib\hapi-dist-2.2-all\lib\hapi-structures-v231-2.2.jar;C:\GitHub\ArchitectsCompanion\jac2020\lib\hapi-dist-2.2-all\lib\hapi-structures-v24-2.2.jar;C:\GitHub\ArchitectsCompanion\jac2020\lib\hapi-dist-2.2-all\lib\hapi-structures-v25-2.2.jar;C:\GitHub\ArchitectsCompanion\jac2020\lib\hapi-dist-2.2-all\lib\hapi-structures-v251-2.2.jar;C:\GitHub\ArchitectsCompanion\jac2020\lib\hapi-dist-2.2-all\lib\hapi-structures-v26-2.2.jar;C:\GitHub\ArchitectsCompanion\jac2020\lib\hapi-dist-2.2-all\lib\log4j-1.2.17.jar;C:\GitHub\ArchitectsCompanion\jac2020\lib\hapi-dist-2.2-all\lib\slf4j-api-1.6.6.jar;C:\GitHub\ArchitectsCompanion\jac2020\lib\hapi-dist-2.2-all\lib\slf4j-log4j12-1.6.6.jar
469: DEBUG-com.esarks.jac.jac:getScript()!$jac:path:home=C:\GitHub\ArchitectsCompanion\jac2020
469: DEBUG-com.esarks.jac.jac:getScript()!$jac:path:work=C:\GitHub\ArchitectsCompanion\jac2020\classes
469: DEBUG-com.esarks.jac.jac:getScript()!$jac:path:scripts=C:\GitHub\ArchitectsCompanion\jac2020\app
469: DEBUG-com.esarks.jac.jac:getScript()!$jac:path:document=C:\Users\ptm
470: DEBUG-com.esarks.jac.jac:getScript()!$jac:fileSeparator=\
470: DEBUG-com.esarks.jac.jac:getScript()!$jac:verifyScripts=true
470: DEBUG-com.esarks.jac.jac:getScript()!$jac:compile=true
470: DEBUG-com.esarks.jac.jac:getScript()!$jac:dateTime=2019.10.18 09:13:20.089 AM EDT
471: DEBUG-com.esarks.jac.jac:getScript()!Script=com.esarks.jac.jrun.Job
471: DEBUG-com.esarks.jac.jac:getScript()!Method=execute
471: DEBUG-com.esarks.jac.jac:getScript()!Argument=com.esarks.jac.jrun.Jrun
471: DEBUG-com.esarks.jac.jac:getScript()!Argument=execute
471: DEBUG-com.esarks.jac.jac:getScript()!Argument=C:\GitHub\ArchitectsCompanion\jac2020\app\ehrm\WorkflowTaxonomy\WorkflowTaxonomyBuild.jrun
471: DEBUG-com.esarks.jac.jac:getScript()!Calling Script.execMethod with arguments...
503: APP-com.esarks.jac.jrun.Jrun:execute(String)!Enter method!aXml="C:\GitHub\ArchitectsCompanion\jac2020\app\ehrm\WorkflowTaxonomy\WorkflowTaxonomyBuild.jrun"
515: APP-ehrm.WorkflowTaxonomy.WorkflowTaxonomyBuild:execute()!Enter method
535: APP-ehrm.WorkflowTaxonomy.WorkflowTaxonomyBuild:executeExtractComments()!Enter method
570: APP-null:execute(String,String,String,String,String,String,String,String)!Enter method!aTime=""!aModule="ehrm.WorkflowTaxonomy.WorkflowTaxonomyBuild"!aMethod="executeExtractComments()"!aSeverity="fatal"!aLocation=""!aDescription="C:\Users\ptm\OneDrive\Desktop\EHRM\October 1 - 3\WFD_PDF_2019-10-15_1538 (Access is denied)"!aAction="Unhandled exception."!aResolution="Review this exception to determine proper handling."
718: APP-ehrm.WorkflowTaxonomy.WorkflowTaxonomyBuild:executeExtractComments()!Error final exit method!Elapsed time = 183
718: ERR-ehrm.WorkflowTaxonomy.WorkflowTaxonomyBuild:executeExtractComments()!Error final exit method!C:\Users\ptm\OneDrive\Desktop\EHRM\October 1 - 3\WFD_PDF_2019-10-15_1538 (Access is denied)
718: APP-ehrm.WorkflowTaxonomy.WorkflowTaxonomyBuild:execute()!Normal final exit method!Elapsed time = 203
719: APP-com.esarks.jac.jrun.Jrun:execute(String)!Normal final exit method!Elapsed time = 216
