Fri Oct 18 11:17:49 EDT 2019: Start
0: Open log file.
19: DEBUG-com.esarks.jac.jac:getScript()!Log opened by jac!Debug=9!DebugClass=9
439: DEBUG-com.esarks.jac.jac:getScript()!$jac:context=jac
439: DEBUG-com.esarks.jac.jac:getScript()!$jac:path:classpath=C:\GitHub\ArchitectsCompanion\jac2020\classes;C:\GitHub\ArchitectsCompanion\jac2020\lib\jac\jac.jar;C:\GitHub\ArchitectsCompanion\jac2020\lib\mic\mic.jar;C:\GitHub\ArchitectsCompanion\jac2020\lib\jetty\org.mortbay.jetty.jar;C:\GitHub\ArchitectsCompanion\jac2020\lib\jetty\org.mortbay.jmx.jar;C:\GitHub\ArchitectsCompanion\jac2020\lib\jetty\javax.servlet.jar;C:\GitHub\ArchitectsCompanion\jac2020\jdk1.8.0_112\lib\tools.jar;C:\GitHub\ArchitectsCompanion\jac2020\lib\mysql-connector-java-5.1.18\mysql-connector-java-5.1.18-bin.jar;C:\GitHub\ArchitectsCompanion\jac2020\lib\crimson\crimson.jar;C:\GitHub\ArchitectsCompanion\jac2020\lib\jacob-1.19\jacob.jar;C:\GitHub\ArchitectsCompanion\jac2020\lib\jni4net-0.8.6.0-bin\lib\jni4net.j-0.8.6.0.jar;C:\GitHub\ArchitectsCompanion\jac2020\lib\json-simple-1.1.jar\json-simple-1.1.jar;C:\GitHub\ArchitectsCompanion\jac2020\lib\hapi-dist-2.2-all\lib\hapi-base-2.2.jar;C:\GitHub\ArchitectsCompanion\jac2020\lib\hapi-dist-2.2-all\lib\hapi-examples-2.2.jar;C:\GitHub\ArchitectsCompanion\jac2020\lib\hapi-dist-2.2-all\lib\hapi-hl7overhttp-2.2.jar;C:\GitHub\ArchitectsCompanion\jac2020\lib\hapi-dist-2.2-all\lib\hapi-structures-v21-2.2.jar;C:\GitHub\ArchitectsCompanion\jac2020\lib\hapi-dist-2.2-all\lib\hapi-structures-v22-2.2.jar;C:\GitHub\ArchitectsCompanion\jac2020\lib\hapi-dist-2.2-all\lib\hapi-structures-v23-2.2.jar;C:\GitHub\ArchitectsCompanion\jac2020\lib\hapi-dist-2.2-all\lib\hapi-structures-v231-2.2.jar;C:\GitHub\ArchitectsCompanion\jac2020\lib\hapi-dist-2.2-all\lib\hapi-structures-v24-2.2.jar;C:\GitHub\ArchitectsCompanion\jac2020\lib\hapi-dist-2.2-all\lib\hapi-structures-v25-2.2.jar;C:\GitHub\ArchitectsCompanion\jac2020\lib\hapi-dist-2.2-all\lib\hapi-structures-v251-2.2.jar;C:\GitHub\ArchitectsCompanion\jac2020\lib\hapi-dist-2.2-all\lib\hapi-structures-v26-2.2.jar;C:\GitHub\ArchitectsCompanion\jac2020\lib\hapi-dist-2.2-all\lib\log4j-1.2.17.jar;C:\GitHub\ArchitectsCompanion\jac2020\lib\hapi-dist-2.2-all\lib\slf4j-api-1.6.6.jar;C:\GitHub\ArchitectsCompanion\jac2020\lib\hapi-dist-2.2-all\lib\slf4j-log4j12-1.6.6.jar
440: DEBUG-com.esarks.jac.jac:getScript()!$jac:path:home=C:\GitHub\ArchitectsCompanion\jac2020
440: DEBUG-com.esarks.jac.jac:getScript()!$jac:path:work=C:\GitHub\ArchitectsCompanion\jac2020\classes
440: DEBUG-com.esarks.jac.jac:getScript()!$jac:path:scripts=C:\GitHub\ArchitectsCompanion\jac2020\app
440: DEBUG-com.esarks.jac.jac:getScript()!$jac:path:document=C:\Users\ptm
440: DEBUG-com.esarks.jac.jac:getScript()!$jac:fileSeparator=\
440: DEBUG-com.esarks.jac.jac:getScript()!$jac:verifyScripts=true
441: DEBUG-com.esarks.jac.jac:getScript()!$jac:compile=true
441: DEBUG-com.esarks.jac.jac:getScript()!$jac:dateTime=2019.10.18 11:17:50.312 AM EDT
441: DEBUG-com.esarks.jac.jac:getScript()!Script=com.esarks.jac.jrun.Job
441: DEBUG-com.esarks.jac.jac:getScript()!Method=execute
441: DEBUG-com.esarks.jac.jac:getScript()!Argument=com.esarks.jac.jrun.Jrun
441: DEBUG-com.esarks.jac.jac:getScript()!Argument=execute
441: DEBUG-com.esarks.jac.jac:getScript()!Argument=C:\GitHub\ArchitectsCompanion\jac2020\app\ehrm\WorkflowTaxonomy\WorkflowTaxonomyBuild.jrun
441: DEBUG-com.esarks.jac.jac:getScript()!Calling Script.execMethod with arguments...
470: APP-com.esarks.jac.jrun.Jrun:execute(String)!Enter method!aXml="C:\GitHub\ArchitectsCompanion\jac2020\app\ehrm\WorkflowTaxonomy\WorkflowTaxonomyBuild.jrun"
4086: APP-ehrm.WorkflowTaxonomy.WorkflowTaxonomyBuild:execute()!Enter method
4106: APP-ehrm.WorkflowTaxonomy.WorkflowTaxonomyBuild:executeExtractComments()!Enter method
8007: APP-null:execute(String,String,String,String,String,String,String,String)!Enter method!aTime=""!aModule="ehrm.WorkflowTaxonomy.WorkflowTaxonomyBuild"!aMethod="executeExtractComments()"!aSeverity="fatal"!aLocation=""!aDescription="C:\Users\ptm\OneDrive\Desktop\EHRM\October 1 - 3\WFD_PDF_2019-10-15_1538 (Access is denied)"!aAction="Unhandled exception."!aResolution="Review this exception to determine proper handling."
10020: APP-ehrm.WorkflowTaxonomy.WorkflowTaxonomyBuild:executeExtractComments()!Error final exit method!Elapsed time = 5914
10020: ERR-ehrm.WorkflowTaxonomy.WorkflowTaxonomyBuild:executeExtractComments()!Error final exit method!C:\Users\ptm\OneDrive\Desktop\EHRM\October 1 - 3\WFD_PDF_2019-10-15_1538 (Access is denied)
10021: APP-ehrm.WorkflowTaxonomy.WorkflowTaxonomyBuild:execute()!Normal final exit method!Elapsed time = 5935
10021: APP-com.esarks.jac.jrun.Jrun:execute(String)!Normal final exit method!Elapsed time = 9551
