Wed Oct 16 13:23:20 EDT 2019: Start
0: Open log file.
23: DEBUG-com.esarks.jac.jac:getScript()!Log opened by jac!Debug=9!DebugClass=9
470: DEBUG-com.esarks.jac.jac:getScript()!$jac:context=jac
470: DEBUG-com.esarks.jac.jac:getScript()!$jac:path:classpath=C:\GitHub\ArchitectsCompanion\jac2020\classes;C:\GitHub\ArchitectsCompanion\jac2020\lib\jac\jac.jar;C:\GitHub\ArchitectsCompanion\jac2020\lib\mic\mic.jar;C:\GitHub\ArchitectsCompanion\jac2020\lib\jetty\org.mortbay.jetty.jar;C:\GitHub\ArchitectsCompanion\jac2020\lib\jetty\org.mortbay.jmx.jar;C:\GitHub\ArchitectsCompanion\jac2020\lib\jetty\javax.servlet.jar;C:\GitHub\ArchitectsCompanion\jac2020\jdk1.8.0_112\lib\tools.jar;C:\GitHub\ArchitectsCompanion\jac2020\lib\mysql-connector-java-5.1.18\mysql-connector-java-5.1.18-bin.jar;C:\GitHub\ArchitectsCompanion\jac2020\lib\crimson\crimson.jar;C:\GitHub\ArchitectsCompanion\jac2020\lib\jacob-1.19\jacob.jar;C:\GitHub\ArchitectsCompanion\jac2020\lib\jni4net-0.8.6.0-bin\lib\jni4net.j-0.8.6.0.jar;C:\GitHub\ArchitectsCompanion\jac2020\lib\json-simple-1.1.jar\json-simple-1.1.jar;C:\GitHub\ArchitectsCompanion\jac2020\lib\hapi-dist-2.2-all\lib\hapi-base-2.2.jar;C:\GitHub\ArchitectsCompanion\jac2020\lib\hapi-dist-2.2-all\lib\hapi-examples-2.2.jar;C:\GitHub\ArchitectsCompanion\jac2020\lib\hapi-dist-2.2-all\lib\hapi-hl7overhttp-2.2.jar;C:\GitHub\ArchitectsCompanion\jac2020\lib\hapi-dist-2.2-all\lib\hapi-structures-v21-2.2.jar;C:\GitHub\ArchitectsCompanion\jac2020\lib\hapi-dist-2.2-all\lib\hapi-structures-v22-2.2.jar;C:\GitHub\ArchitectsCompanion\jac2020\lib\hapi-dist-2.2-all\lib\hapi-structures-v23-2.2.jar;C:\GitHub\ArchitectsCompanion\jac2020\lib\hapi-dist-2.2-all\lib\hapi-structures-v231-2.2.jar;C:\GitHub\ArchitectsCompanion\jac2020\lib\hapi-dist-2.2-all\lib\hapi-structures-v24-2.2.jar;C:\GitHub\ArchitectsCompanion\jac2020\lib\hapi-dist-2.2-all\lib\hapi-structures-v25-2.2.jar;C:\GitHub\ArchitectsCompanion\jac2020\lib\hapi-dist-2.2-all\lib\hapi-structures-v251-2.2.jar;C:\GitHub\ArchitectsCompanion\jac2020\lib\hapi-dist-2.2-all\lib\hapi-structures-v26-2.2.jar;C:\GitHub\ArchitectsCompanion\jac2020\lib\hapi-dist-2.2-all\lib\log4j-1.2.17.jar;C:\GitHub\ArchitectsCompanion\jac2020\lib\hapi-dist-2.2-all\lib\slf4j-api-1.6.6.jar;C:\GitHub\ArchitectsCompanion\jac2020\lib\hapi-dist-2.2-all\lib\slf4j-log4j12-1.6.6.jar
480: DEBUG-com.esarks.jac.jac:getScript()!$jac:path:home=C:\GitHub\ArchitectsCompanion\jac2020
481: DEBUG-com.esarks.jac.jac:getScript()!$jac:path:work=C:\GitHub\ArchitectsCompanion\jac2020\classes
481: DEBUG-com.esarks.jac.jac:getScript()!$jac:path:scripts=C:\GitHub\ArchitectsCompanion\jac2020\app
481: DEBUG-com.esarks.jac.jac:getScript()!$jac:path:document=C:\Users\ptm
481: DEBUG-com.esarks.jac.jac:getScript()!$jac:fileSeparator=\
481: DEBUG-com.esarks.jac.jac:getScript()!$jac:verifyScripts=true
482: DEBUG-com.esarks.jac.jac:getScript()!$jac:compile=true
482: DEBUG-com.esarks.jac.jac:getScript()!$jac:dateTime=2019.10.16 01:23:20.826 PM EDT
483: DEBUG-com.esarks.jac.jac:getScript()!Script=com.esarks.jac.jrun.Job
483: DEBUG-com.esarks.jac.jac:getScript()!Method=execute
483: DEBUG-com.esarks.jac.jac:getScript()!Argument=com.esarks.jac.jrun.Jrun
483: DEBUG-com.esarks.jac.jac:getScript()!Argument=execute
483: DEBUG-com.esarks.jac.jac:getScript()!Argument=C:\GitHub\ArchitectsCompanion\jac2020\app\com\esarks\demonstrations\DynamicScript\DynamicScript.jrun
484: DEBUG-com.esarks.jac.jac:getScript()!Calling Script.execMethod with arguments...
223591: APP-com.esarks.jac.jrun.Jrun:execute(String)!Enter method!aXml="C:\GitHub\ArchitectsCompanion\jac2020\app\com\esarks\demonstrations\DynamicScript\DynamicScript.jrun"
266806: APP-com.esarks.demonstrations.DynamicScript.Start:execute()!Enter method
1133405: APP-com.esarks.demonstrations.DynamicScript.Start:execute()!Normal final exit method!Elapsed time = 866599
1133405: APP-com.esarks.jac.jrun.Jrun:execute(String)!Normal final exit method!Elapsed time = 909814
