Sun Oct 13 19:50:57 EDT 2019: Start
0: Open log file.
46: DEBUG-com.esarks.jac.jac:getScript()!Log opened by jac!Debug=9!DebugClass=9
969: DEBUG-com.esarks.jac.jac:getScript()!$jac:context=jac
970: DEBUG-com.esarks.jac.jac:getScript()!$jac:path:classpath=C:\GitHub\ArchitectsCompanion\jac2020\classes;C:\GitHub\ArchitectsCompanion\jac2020\lib\jac\jac.jar;C:\GitHub\ArchitectsCompanion\jac2020\lib\mic\mic.jar;C:\GitHub\ArchitectsCompanion\jac2020\lib\jetty\org.mortbay.jetty.jar;C:\GitHub\ArchitectsCompanion\jac2020\lib\jetty\org.mortbay.jmx.jar;C:\GitHub\ArchitectsCompanion\jac2020\lib\jetty\javax.servlet.jar;C:\GitHub\ArchitectsCompanion\jac2020\jdk1.8.0_112\lib\tools.jar;C:\GitHub\ArchitectsCompanion\jac2020\lib\mysql-connector-java-5.1.18\mysql-connector-java-5.1.18-bin.jar;C:\GitHub\ArchitectsCompanion\jac2020\lib\crimson\crimson.jar;C:\GitHub\ArchitectsCompanion\jac2020\lib\jacob-1.19\jacob.jar;C:\GitHub\ArchitectsCompanion\jac2020\lib\jni4net-0.8.6.0-bin\lib\jni4net.j-0.8.6.0.jar;C:\GitHub\ArchitectsCompanion\jac2020\lib\json-simple-1.1.jar\json-simple-1.1.jar;C:\GitHub\ArchitectsCompanion\jac2020\lib\hapi-dist-2.2-all\lib\hapi-base-2.2.jar;C:\GitHub\ArchitectsCompanion\jac2020\lib\hapi-dist-2.2-all\lib\hapi-examples-2.2.jar;C:\GitHub\ArchitectsCompanion\jac2020\lib\hapi-dist-2.2-all\lib\hapi-hl7overhttp-2.2.jar;C:\GitHub\ArchitectsCompanion\jac2020\lib\hapi-dist-2.2-all\lib\hapi-structures-v21-2.2.jar;C:\GitHub\ArchitectsCompanion\jac2020\lib\hapi-dist-2.2-all\lib\hapi-structures-v22-2.2.jar;C:\GitHub\ArchitectsCompanion\jac2020\lib\hapi-dist-2.2-all\lib\hapi-structures-v23-2.2.jar;C:\GitHub\ArchitectsCompanion\jac2020\lib\hapi-dist-2.2-all\lib\hapi-structures-v231-2.2.jar;C:\GitHub\ArchitectsCompanion\jac2020\lib\hapi-dist-2.2-all\lib\hapi-structures-v24-2.2.jar;C:\GitHub\ArchitectsCompanion\jac2020\lib\hapi-dist-2.2-all\lib\hapi-structures-v25-2.2.jar;C:\GitHub\ArchitectsCompanion\jac2020\lib\hapi-dist-2.2-all\lib\hapi-structures-v251-2.2.jar;C:\GitHub\ArchitectsCompanion\jac2020\lib\hapi-dist-2.2-all\lib\hapi-structures-v26-2.2.jar;C:\GitHub\ArchitectsCompanion\jac2020\lib\hapi-dist-2.2-all\lib\log4j-1.2.17.jar;C:\GitHub\ArchitectsCompanion\jac2020\lib\hapi-dist-2.2-all\lib\slf4j-api-1.6.6.jar;C:\GitHub\ArchitectsCompanion\jac2020\lib\hapi-dist-2.2-all\lib\slf4j-log4j12-1.6.6.jar
972: DEBUG-com.esarks.jac.jac:getScript()!$jac:path:home=C:\GitHub\ArchitectsCompanion\jac2020
972: DEBUG-com.esarks.jac.jac:getScript()!$jac:path:work=C:\GitHub\ArchitectsCompanion\jac2020\classes
972: DEBUG-com.esarks.jac.jac:getScript()!$jac:path:scripts=C:\GitHub\ArchitectsCompanion\jac2020\app
972: DEBUG-com.esarks.jac.jac:getScript()!$jac:path:document=C:\Users\ptm
972: DEBUG-com.esarks.jac.jac:getScript()!$jac:fileSeparator=\
973: DEBUG-com.esarks.jac.jac:getScript()!$jac:verifyScripts=true
973: DEBUG-com.esarks.jac.jac:getScript()!$jac:compile=true
974: DEBUG-com.esarks.jac.jac:getScript()!$jac:dateTime=2019.10.13 07:50:58.269 PM EDT
974: DEBUG-com.esarks.jac.jac:getScript()!Script=com.esarks.jac.jrun.Job
974: DEBUG-com.esarks.jac.jac:getScript()!Method=execute
975: DEBUG-com.esarks.jac.jac:getScript()!Argument=com.esarks.jac.jrun.Jrun
975: DEBUG-com.esarks.jac.jac:getScript()!Argument=execute
975: DEBUG-com.esarks.jac.jac:getScript()!Argument=C:\GitHub\ArchitectsCompanion\jac2020\app\paul\HelloWorld.jrun
975: DEBUG-com.esarks.jac.jac:getScript()!Calling Script.execMethod with arguments...
1033: APP-com.esarks.jac.jrun.Jrun:execute(String)!Enter method!aXml="C:\GitHub\ArchitectsCompanion\jac2020\app\paul\HelloWorld.jrun"
1051: APP-com.esarks.jac.jrun.Jrun:execute(String)!Normal final exit method!Elapsed time = 18
