Fri Oct 25 19:11:32 EDT 2019: Start
0: Open log file.
27: DEBUG-com.esarks.jac.jac:getScript()!Log opened by jac!Debug=9!DebugClass=9
464: DEBUG-com.esarks.jac.jac:getScript()!$jac:context=jac
464: DEBUG-com.esarks.jac.jac:getScript()!$jac:path:classpath=C:\GitHub\ArchitectsCompanion\jac2020\classes;C:\GitHub\ArchitectsCompanion\jac2020\lib\jac\jac.jar;C:\GitHub\ArchitectsCompanion\jac2020\lib\mic\mic.jar;C:\GitHub\ArchitectsCompanion\jac2020\lib\jetty\org.mortbay.jetty.jar;C:\GitHub\ArchitectsCompanion\jac2020\lib\jetty\org.mortbay.jmx.jar;C:\GitHub\ArchitectsCompanion\jac2020\lib\jetty\javax.servlet.jar;C:\GitHub\ArchitectsCompanion\jac2020\jdk1.8.0_112\lib\tools.jar;C:\GitHub\ArchitectsCompanion\jac2020\lib\mysql-connector-java-5.1.18\mysql-connector-java-5.1.18-bin.jar;C:\GitHub\ArchitectsCompanion\jac2020\lib\crimson\crimson.jar;C:\GitHub\ArchitectsCompanion\jac2020\lib\jacob-1.19\jacob.jar;C:\GitHub\ArchitectsCompanion\jac2020\lib\jni4net-0.8.6.0-bin\lib\jni4net.j-0.8.6.0.jar;C:\GitHub\ArchitectsCompanion\jac2020\lib\json-simple-1.1.jar\json-simple-1.1.jar;C:\GitHub\ArchitectsCompanion\jac2020\lib\hapi-dist-2.2-all\lib\hapi-base-2.2.jar;C:\GitHub\ArchitectsCompanion\jac2020\lib\hapi-dist-2.2-all\lib\hapi-examples-2.2.jar;C:\GitHub\ArchitectsCompanion\jac2020\lib\hapi-dist-2.2-all\lib\hapi-hl7overhttp-2.2.jar;C:\GitHub\ArchitectsCompanion\jac2020\lib\hapi-dist-2.2-all\lib\hapi-structures-v21-2.2.jar;C:\GitHub\ArchitectsCompanion\jac2020\lib\hapi-dist-2.2-all\lib\hapi-structures-v22-2.2.jar;C:\GitHub\ArchitectsCompanion\jac2020\lib\hapi-dist-2.2-all\lib\hapi-structures-v23-2.2.jar;C:\GitHub\ArchitectsCompanion\jac2020\lib\hapi-dist-2.2-all\lib\hapi-structures-v231-2.2.jar;C:\GitHub\ArchitectsCompanion\jac2020\lib\hapi-dist-2.2-all\lib\hapi-structures-v24-2.2.jar;C:\GitHub\ArchitectsCompanion\jac2020\lib\hapi-dist-2.2-all\lib\hapi-structures-v25-2.2.jar;C:\GitHub\ArchitectsCompanion\jac2020\lib\hapi-dist-2.2-all\lib\hapi-structures-v251-2.2.jar;C:\GitHub\ArchitectsCompanion\jac2020\lib\hapi-dist-2.2-all\lib\hapi-structures-v26-2.2.jar;C:\GitHub\ArchitectsCompanion\jac2020\lib\hapi-dist-2.2-all\lib\log4j-1.2.17.jar;C:\GitHub\ArchitectsCompanion\jac2020\lib\hapi-dist-2.2-all\lib\slf4j-api-1.6.6.jar;C:\GitHub\ArchitectsCompanion\jac2020\lib\hapi-dist-2.2-all\lib\slf4j-log4j12-1.6.6.jar
474: DEBUG-com.esarks.jac.jac:getScript()!$jac:path:home=C:\GitHub\ArchitectsCompanion\jac2020
474: DEBUG-com.esarks.jac.jac:getScript()!$jac:path:work=C:\GitHub\ArchitectsCompanion\jac2020\classes
474: DEBUG-com.esarks.jac.jac:getScript()!$jac:path:scripts=C:\GitHub\ArchitectsCompanion\jac2020\app
474: DEBUG-com.esarks.jac.jac:getScript()!$jac:path:document=C:\Users\ptm
474: DEBUG-com.esarks.jac.jac:getScript()!$jac:path:exception=null
475: DEBUG-com.esarks.jac.jac:getScript()!$jac:fileSeparator=\
475: DEBUG-com.esarks.jac.jac:getScript()!$jac:verifyScripts=true
475: DEBUG-com.esarks.jac.jac:getScript()!$jac:compile=true
475: DEBUG-com.esarks.jac.jac:getScript()!$jac:dateTime=2019.10.25 07:11:33.399 PM EDT
475: DEBUG-com.esarks.jac.jac:getScript()!Script=com.esarks.jac.jrun.Job
475: DEBUG-com.esarks.jac.jac:getScript()!Method=execute
475: DEBUG-com.esarks.jac.jac:getScript()!Argument=com.esarks.jac.jrun.Jrun
475: DEBUG-com.esarks.jac.jac:getScript()!Argument=execute
475: DEBUG-com.esarks.jac.jac:getScript()!Argument=C:\GitHub\ArchitectsCompanion\jac2020\app\paul\HelloWorld.jrun
475: DEBUG-com.esarks.jac.jac:getScript()!Calling Script.execMethod with arguments...
510: APP-com.esarks.jac.jrun.Jrun:execute(String)!Enter method!aXml="C:\GitHub\ArchitectsCompanion\jac2020\app\paul\HelloWorld.jrun"
525: APP-paul.HelloWorld:execute()!Enter method
529: APP-null:execute(String,String,String,String,String,String,String,String)!Enter method!aTime=""!aModule="paul.HelloWorld"!aMethod="execute()"!aSeverity="fatal"!aLocation=""!aDescription="/ by zero"!aAction="Unhandled exception."!aResolution="Review this exception to determine proper handling."
