Sat Oct 26 11:38:13 EDT 2019: Start
0: Open log file.
51: DEBUG-com.esarks.jac.jac:getScript()!Log opened by jac!Debug=9!DebugClass=9
978: DEBUG-com.esarks.jac.jac:getScript()!$jac:context=jac
978: DEBUG-com.esarks.jac.jac:getScript()!$jac:path:classpath=C:\GitHub\ArchitectsCompanion\jac2020\classes;C:\GitHub\ArchitectsCompanion\jac2020\lib\jac\jac.jar;C:\GitHub\ArchitectsCompanion\jac2020\lib\mic\mic.jar;C:\GitHub\ArchitectsCompanion\jac2020\lib\jetty\org.mortbay.jetty.jar;C:\GitHub\ArchitectsCompanion\jac2020\lib\jetty\org.mortbay.jmx.jar;C:\GitHub\ArchitectsCompanion\jac2020\lib\jetty\javax.servlet.jar;C:\GitHub\ArchitectsCompanion\jac2020\jdk1.8.0_112\lib\tools.jar;C:\GitHub\ArchitectsCompanion\jac2020\lib\mysql-connector-java-5.1.18\mysql-connector-java-5.1.18-bin.jar;C:\GitHub\ArchitectsCompanion\jac2020\lib\crimson\crimson.jar;C:\GitHub\ArchitectsCompanion\jac2020\lib\jacob-1.19\jacob.jar;C:\GitHub\ArchitectsCompanion\jac2020\lib\jni4net-0.8.6.0-bin\lib\jni4net.j-0.8.6.0.jar;C:\GitHub\ArchitectsCompanion\jac2020\lib\json-simple-1.1.jar\json-simple-1.1.jar;C:\GitHub\ArchitectsCompanion\jac2020\lib\hapi-dist-2.2-all\lib\hapi-base-2.2.jar;C:\GitHub\ArchitectsCompanion\jac2020\lib\hapi-dist-2.2-all\lib\hapi-examples-2.2.jar;C:\GitHub\ArchitectsCompanion\jac2020\lib\hapi-dist-2.2-all\lib\hapi-hl7overhttp-2.2.jar;C:\GitHub\ArchitectsCompanion\jac2020\lib\hapi-dist-2.2-all\lib\hapi-structures-v21-2.2.jar;C:\GitHub\ArchitectsCompanion\jac2020\lib\hapi-dist-2.2-all\lib\hapi-structures-v22-2.2.jar;C:\GitHub\ArchitectsCompanion\jac2020\lib\hapi-dist-2.2-all\lib\hapi-structures-v23-2.2.jar;C:\GitHub\ArchitectsCompanion\jac2020\lib\hapi-dist-2.2-all\lib\hapi-structures-v231-2.2.jar;C:\GitHub\ArchitectsCompanion\jac2020\lib\hapi-dist-2.2-all\lib\hapi-structures-v24-2.2.jar;C:\GitHub\ArchitectsCompanion\jac2020\lib\hapi-dist-2.2-all\lib\hapi-structures-v25-2.2.jar;C:\GitHub\ArchitectsCompanion\jac2020\lib\hapi-dist-2.2-all\lib\hapi-structures-v251-2.2.jar;C:\GitHub\ArchitectsCompanion\jac2020\lib\hapi-dist-2.2-all\lib\hapi-structures-v26-2.2.jar;C:\GitHub\ArchitectsCompanion\jac2020\lib\hapi-dist-2.2-all\lib\log4j-1.2.17.jar;C:\GitHub\ArchitectsCompanion\jac2020\lib\hapi-dist-2.2-all\lib\slf4j-api-1.6.6.jar;C:\GitHub\ArchitectsCompanion\jac2020\lib\hapi-dist-2.2-all\lib\slf4j-log4j12-1.6.6.jar
983: DEBUG-com.esarks.jac.jac:getScript()!$jac:path:home=C:\GitHub\ArchitectsCompanion\jac2020
983: DEBUG-com.esarks.jac.jac:getScript()!$jac:path:work=C:\GitHub\ArchitectsCompanion\jac2020\classes
983: DEBUG-com.esarks.jac.jac:getScript()!$jac:path:scripts=C:\GitHub\ArchitectsCompanion\jac2020\app
983: DEBUG-com.esarks.jac.jac:getScript()!$jac:path:document=C:\Users\ptm
983: DEBUG-com.esarks.jac.jac:getScript()!$jac:path:exception=C:\GitHub\ArchitectsCompanion\jac2020\logs
983: DEBUG-com.esarks.jac.jac:getScript()!$jac:fileSeparator=\
983: DEBUG-com.esarks.jac.jac:getScript()!$jac:verifyScripts=true
983: DEBUG-com.esarks.jac.jac:getScript()!$jac:compile=true
984: DEBUG-com.esarks.jac.jac:getScript()!$jac:dateTime=2019.10.26 11:38:14.747 AM EDT
984: DEBUG-com.esarks.jac.jac:getScript()!Script=com.esarks.jac.jrun.Job
984: DEBUG-com.esarks.jac.jac:getScript()!Method=execute
985: DEBUG-com.esarks.jac.jac:getScript()!Argument=com.esarks.jac.jrun.Jrun
985: DEBUG-com.esarks.jac.jac:getScript()!Argument=execute
985: DEBUG-com.esarks.jac.jac:getScript()!Argument=C:\GitHub\ArchitectsCompanion\jac2020\app\paul\HelloWorld.jrun
985: DEBUG-com.esarks.jac.jac:getScript()!Calling Script.execMethod with arguments...
1035: APP-com.esarks.jac.jrun.Jrun:execute(String)!Enter method!aXml="C:\GitHub\ArchitectsCompanion\jac2020\app\paul\HelloWorld.jrun"
1064: APP-paul.HelloWorld:execute()!Enter method
1071: APP-null:execute(String,String,String,String,String,String,String,String)!Enter method!aTime=""!aModule="paul.HelloWorld"!aMethod="execute()"!aSeverity="fatal"!aLocation=""!aDescription="/ by zero"!aAction="Unhandled exception."!aResolution="Review this exception to determine proper handling."
1122: APP-null:execute(String,String,String,String,String,String,String,String)!Normal final exit method!Elapsed time = 51
1428: APP-paul.HelloWorld:execute()!Error final exit method!Elapsed time = 364
1428: ERR-paul.HelloWorld:execute()!Error final exit method!/ by zero
1428: APP-com.esarks.jac.jrun.Jrun:execute(String)!Normal final exit method!Elapsed time = 393
