C:\GitHub\ArchitectsCompanion\jac2020\classes\com\esarks\arm\model\jeo\RequestJeo.java:364: warning: non-varargs call of varargs method with inexact argument type for last parameter;
        Method lMethod = this.getClass().getMethod("getAttributeName_" + aAttributeName.toLowerCase(), null);
                                                                                                       ^
  cast to Class<?> for a varargs call
  cast to Class<?>[] for a non-varargs call and to suppress this warning
C:\GitHub\ArchitectsCompanion\jac2020\classes\com\esarks\arm\model\jeo\RequestJeo.java:365: warning: non-varargs call of varargs method with inexact argument type for last parameter;
        return (String) lMethod.invoke(this, null);
                                             ^
  cast to Object for a varargs call
  cast to Object[] for a non-varargs call and to suppress this warning
C:\GitHub\ArchitectsCompanion\jac2020\classes\com\esarks\arm\model\jeo\RequestJeo.java:378: warning: non-varargs call of varargs method with inexact argument type for last parameter;
        Method lMethod = this.getClass().getMethod("get" + getCasedName(aAttributeName) + "PropertyValue", null);
                                                                                                           ^
  cast to Class<?> for a varargs call
  cast to Class<?>[] for a non-varargs call and to suppress this warning
C:\GitHub\ArchitectsCompanion\jac2020\classes\com\esarks\arm\model\jeo\RequestJeo.java:379: warning: non-varargs call of varargs method with inexact argument type for last parameter;
        return (PropertyValue) lMethod.invoke(this, null);
                                                    ^
  cast to Object for a varargs call
  cast to Object[] for a non-varargs call and to suppress this warning
C:\GitHub\ArchitectsCompanion\jac2020\classes\com\esarks\arm\model\jeo\RequestJeo.java:407: warning: non-varargs call of varargs method with inexact argument type for last parameter;
        Method lMethod = this.getClass().getMethod("get" + getCasedName(aAttributeName) + "ValueType", null);
                                                                                                       ^
  cast to Class<?> for a varargs call
  cast to Class<?>[] for a non-varargs call and to suppress this warning
C:\GitHub\ArchitectsCompanion\jac2020\classes\com\esarks\arm\model\jeo\RequestJeo.java:408: warning: non-varargs call of varargs method with inexact argument type for last parameter;
        return (String) lMethod.invoke(this, null);
                                             ^
  cast to Object for a varargs call
  cast to Object[] for a non-varargs call and to suppress this warning
C:\GitHub\ArchitectsCompanion\jac2020\classes\com\esarks\arm\model\jeo\RequestJeo.java:421: warning: non-varargs call of varargs method with inexact argument type for last parameter;
        Method lMethod = this.getClass().getMethod("get" + getCasedName(aAttributeName) + "ValueStereotype", null);
                                                                                                             ^
  cast to Class<?> for a varargs call
  cast to Class<?>[] for a non-varargs call and to suppress this warning
C:\GitHub\ArchitectsCompanion\jac2020\classes\com\esarks\arm\model\jeo\RequestJeo.java:422: warning: non-varargs call of varargs method with inexact argument type for last parameter;
        return (String) lMethod.invoke(this, null);
                                             ^
  cast to Object for a varargs call
  cast to Object[] for a non-varargs call and to suppress this warning
Note: C:\GitHub\ArchitectsCompanion\jac2020\classes\com\esarks\arm\model\jeo\RequestJeo.java uses unchecked or unsafe operations.
Note: Recompile with -Xlint:unchecked for details.
8 warnings
